ERROR - 2022-08-31 12:37:30 --> Error connecting to the database: Aucune connexion n’a pu être établie car l’ordinateur cible l’a expressément refusée.

CRITICAL - 2022-08-31 12:37:30 --> Unable to connect to the database.
Main connection [MySQLi]: Aucune connexion n’a pu être établie car l’ordinateur cible l’a expressément refusée.

#0 C:\laragon\www\workspace\fcommefleurs\system\Database\BaseConnection.php(577): CodeIgniter\Database\BaseConnection->initialize()
#1 C:\laragon\www\workspace\fcommefleurs\system\Database\BaseBuilder.php(1455): CodeIgniter\Database\BaseConnection->query('SELECT *\nFROM `...', Array, false)
#2 C:\laragon\www\workspace\fcommefleurs\app\Models\ProduitModel.php(38): CodeIgniter\Database\BaseBuilder->get()
#3 C:\laragon\www\workspace\fcommefleurs\app\Controllers\Home.php(19): App\Models\ProduitModel->getProduit()
#4 C:\laragon\www\workspace\fcommefleurs\system\CodeIgniter.php(832): App\Controllers\Home->index()
#5 C:\laragon\www\workspace\fcommefleurs\system\CodeIgniter.php(419): CodeIgniter\CodeIgniter->runController(Object(App\Controllers\Home))
#6 C:\laragon\www\workspace\fcommefleurs\system\CodeIgniter.php(326): CodeIgniter\CodeIgniter->handleRequest(NULL, Object(Config\Cache), false)
#7 C:\laragon\www\workspace\fcommefleurs\public\index.php(37): CodeIgniter\CodeIgniter->run()
#8 C:\laragon\www\workspace\fcommefleurs\system\Commands\Server\rewrite.php(43): require_once('C:\\laragon\\www\\...')
#9 {main}
CRITICAL - 2022-08-31 14:05:01 --> Class 'App\Models\MessagesModel' not found
#0 C:\laragon\www\workspace\fcommefleurs\system\CodeIgniter.php(832): App\Controllers\Messages->index()
#1 C:\laragon\www\workspace\fcommefleurs\system\CodeIgniter.php(419): CodeIgniter\CodeIgniter->runController(Object(App\Controllers\Messages))
#2 C:\laragon\www\workspace\fcommefleurs\system\CodeIgniter.php(326): CodeIgniter\CodeIgniter->handleRequest(NULL, Object(Config\Cache), false)
#3 C:\laragon\www\workspace\fcommefleurs\public\index.php(37): CodeIgniter\CodeIgniter->run()
#4 C:\laragon\www\workspace\fcommefleurs\system\Commands\Server\rewrite.php(43): require_once('C:\\laragon\\www\\...')
#5 {main}
