CRITICAL - 2022-08-24 11:51:45 --> Invalid file: admin.php
#0 C:\laragon\www\fcommefleurs\system\View\View.php(198): CodeIgniter\Exceptions\FrameworkException::forInvalidFile('admin.php')
#1 C:\laragon\www\fcommefleurs\system\Common.php(1089): CodeIgniter\View\View->render('admin', Array, true)
#2 C:\laragon\www\fcommefleurs\app\Controllers\Dashboard.php(16): view('admin', Array)
#3 C:\laragon\www\fcommefleurs\system\CodeIgniter.php(832): App\Controllers\Dashboard->index()
#4 C:\laragon\www\fcommefleurs\system\CodeIgniter.php(419): CodeIgniter\CodeIgniter->runController(Object(App\Controllers\Dashboard))
#5 C:\laragon\www\fcommefleurs\system\CodeIgniter.php(326): CodeIgniter\CodeIgniter->handleRequest(NULL, Object(Config\Cache), false)
#6 C:\laragon\www\fcommefleurs\public\index.php(37): CodeIgniter\CodeIgniter->run()
#7 C:\laragon\www\fcommefleurs\system\Commands\Server\rewrite.php(43): require_once('C:\\laragon\\www\\...')
#8 {main}
CRITICAL - 2022-08-24 11:55:19 --> Invalid file: admin.php
#0 C:\laragon\www\fcommefleurs\system\View\View.php(198): CodeIgniter\Exceptions\FrameworkException::forInvalidFile('admin.php')
#1 C:\laragon\www\fcommefleurs\system\Common.php(1089): CodeIgniter\View\View->render('admin', Array, true)
#2 C:\laragon\www\fcommefleurs\app\Controllers\Dashboard.php(16): view('admin', Array)
#3 C:\laragon\www\fcommefleurs\system\CodeIgniter.php(832): App\Controllers\Dashboard->index()
#4 C:\laragon\www\fcommefleurs\system\CodeIgniter.php(419): CodeIgniter\CodeIgniter->runController(Object(App\Controllers\Dashboard))
#5 C:\laragon\www\fcommefleurs\system\CodeIgniter.php(326): CodeIgniter\CodeIgniter->handleRequest(NULL, Object(Config\Cache), false)
#6 C:\laragon\www\fcommefleurs\public\index.php(37): CodeIgniter\CodeIgniter->run()
#7 C:\laragon\www\fcommefleurs\system\Commands\Server\rewrite.php(43): require_once('C:\\laragon\\www\\...')
#8 {main}
CRITICAL - 2022-08-24 11:55:26 --> Invalid file: admin.php
#0 C:\laragon\www\fcommefleurs\system\View\View.php(198): CodeIgniter\Exceptions\FrameworkException::forInvalidFile('admin.php')
#1 C:\laragon\www\fcommefleurs\system\Common.php(1089): CodeIgniter\View\View->render('admin', Array, true)
#2 C:\laragon\www\fcommefleurs\app\Controllers\Dashboard.php(16): view('admin', Array)
#3 C:\laragon\www\fcommefleurs\system\CodeIgniter.php(832): App\Controllers\Dashboard->index()
#4 C:\laragon\www\fcommefleurs\system\CodeIgniter.php(419): CodeIgniter\CodeIgniter->runController(Object(App\Controllers\Dashboard))
#5 C:\laragon\www\fcommefleurs\system\CodeIgniter.php(326): CodeIgniter\CodeIgniter->handleRequest(NULL, Object(Config\Cache), false)
#6 C:\laragon\www\fcommefleurs\public\index.php(37): CodeIgniter\CodeIgniter->run()
#7 C:\laragon\www\fcommefleurs\system\Commands\Server\rewrite.php(43): require_once('C:\\laragon\\www\\...')
#8 {main}
CRITICAL - 2022-08-24 12:00:18 --> Invalid file: admin/dashboard/dashboard.php
#0 C:\laragon\www\fcommefleurs\system\View\View.php(198): CodeIgniter\Exceptions\FrameworkException::forInvalidFile('admin/dashboard...')
#1 C:\laragon\www\fcommefleurs\system\Common.php(1089): CodeIgniter\View\View->render('admin/dashboard...', Array, true)
#2 C:\laragon\www\fcommefleurs\app\Controllers\Dashboard.php(16): view('admin/dashboard...', Array)
#3 C:\laragon\www\fcommefleurs\system\CodeIgniter.php(832): App\Controllers\Dashboard->index()
#4 C:\laragon\www\fcommefleurs\system\CodeIgniter.php(419): CodeIgniter\CodeIgniter->runController(Object(App\Controllers\Dashboard))
#5 C:\laragon\www\fcommefleurs\system\CodeIgniter.php(326): CodeIgniter\CodeIgniter->handleRequest(NULL, Object(Config\Cache), false)
#6 C:\laragon\www\fcommefleurs\public\index.php(37): CodeIgniter\CodeIgniter->run()
#7 C:\laragon\www\fcommefleurs\system\Commands\Server\rewrite.php(43): require_once('C:\\laragon\\www\\...')
#8 {main}
CRITICAL - 2022-08-24 12:02:42 --> Class 'App\Entities\Produit' not found
#0 C:\laragon\www\fcommefleurs\app\Helpers\produit_helper.php(10): transformItemToObject(Array)
#1 C:\laragon\www\fcommefleurs\app\Controllers\Product.php(12): transformItemsToObjects(Array)
#2 C:\laragon\www\fcommefleurs\system\CodeIgniter.php(832): App\Controllers\Product->index()
#3 C:\laragon\www\fcommefleurs\system\CodeIgniter.php(419): CodeIgniter\CodeIgniter->runController(Object(App\Controllers\Product))
#4 C:\laragon\www\fcommefleurs\system\CodeIgniter.php(326): CodeIgniter\CodeIgniter->handleRequest(NULL, Object(Config\Cache), false)
#5 C:\laragon\www\fcommefleurs\public\index.php(37): CodeIgniter\CodeIgniter->run()
#6 C:\laragon\www\fcommefleurs\system\Commands\Server\rewrite.php(43): require_once('C:\\laragon\\www\\...')
#7 {main}
CRITICAL - 2022-08-24 12:19:01 --> Argument 1 passed to App\Entities\Product::setId() must be of the type int, null given, called in C:\laragon\www\fcommefleurs\app\Helpers\product_helper.php on line 28
#0 C:\laragon\www\fcommefleurs\app\Helpers\product_helper.php(28): App\Entities\Product->setId(NULL)
#1 C:\laragon\www\fcommefleurs\app\Helpers\product_helper.php(10): transformItemToObject(Array)
#2 C:\laragon\www\fcommefleurs\app\Controllers\Product.php(12): transformItemsToObjects(Array)
#3 C:\laragon\www\fcommefleurs\system\CodeIgniter.php(832): App\Controllers\Product->index()
#4 C:\laragon\www\fcommefleurs\system\CodeIgniter.php(419): CodeIgniter\CodeIgniter->runController(Object(App\Controllers\Product))
#5 C:\laragon\www\fcommefleurs\system\CodeIgniter.php(326): CodeIgniter\CodeIgniter->handleRequest(NULL, Object(Config\Cache), false)
#6 C:\laragon\www\fcommefleurs\public\index.php(37): CodeIgniter\CodeIgniter->run()
#7 C:\laragon\www\fcommefleurs\system\Commands\Server\rewrite.php(43): require_once('C:\\laragon\\www\\...')
#8 {main}
CRITICAL - 2022-08-24 12:20:38 --> Argument 1 passed to App\Entities\Product::setId() must be of the type int, null given, called in C:\laragon\www\fcommefleurs\app\Helpers\product_helper.php on line 29
#0 C:\laragon\www\fcommefleurs\app\Helpers\product_helper.php(29): App\Entities\Product->setId(NULL)
#1 C:\laragon\www\fcommefleurs\app\Helpers\product_helper.php(11): transformItemToObject(Array)
#2 C:\laragon\www\fcommefleurs\app\Controllers\Product.php(12): transformItemsToObjects(Array)
#3 C:\laragon\www\fcommefleurs\system\CodeIgniter.php(832): App\Controllers\Product->index()
#4 C:\laragon\www\fcommefleurs\system\CodeIgniter.php(419): CodeIgniter\CodeIgniter->runController(Object(App\Controllers\Product))
#5 C:\laragon\www\fcommefleurs\system\CodeIgniter.php(326): CodeIgniter\CodeIgniter->handleRequest(NULL, Object(Config\Cache), false)
#6 C:\laragon\www\fcommefleurs\public\index.php(37): CodeIgniter\CodeIgniter->run()
#7 C:\laragon\www\fcommefleurs\system\Commands\Server\rewrite.php(43): require_once('C:\\laragon\\www\\...')
#8 {main}
CRITICAL - 2022-08-24 12:21:34 --> Argument 1 passed to App\Entities\Product::setId() must be of the type int, null given, called in C:\laragon\www\fcommefleurs\app\Helpers\product_helper.php on line 29
#0 C:\laragon\www\fcommefleurs\app\Helpers\product_helper.php(29): App\Entities\Product->setId(NULL)
#1 C:\laragon\www\fcommefleurs\app\Helpers\product_helper.php(11): transformItemToObject(Array)
#2 C:\laragon\www\fcommefleurs\app\Controllers\Product.php(12): transformItemsToObjects(Array)
#3 C:\laragon\www\fcommefleurs\system\CodeIgniter.php(832): App\Controllers\Product->index()
#4 C:\laragon\www\fcommefleurs\system\CodeIgniter.php(419): CodeIgniter\CodeIgniter->runController(Object(App\Controllers\Product))
#5 C:\laragon\www\fcommefleurs\system\CodeIgniter.php(326): CodeIgniter\CodeIgniter->handleRequest(NULL, Object(Config\Cache), false)
#6 C:\laragon\www\fcommefleurs\public\index.php(37): CodeIgniter\CodeIgniter->run()
#7 C:\laragon\www\fcommefleurs\system\Commands\Server\rewrite.php(43): require_once('C:\\laragon\\www\\...')
#8 {main}
CRITICAL - 2022-08-24 12:27:00 --> Call to undefined method App\Entities\Produit::getId()
#0 C:\laragon\www\fcommefleurs\system\View\View.php(210): include()
#1 C:\laragon\www\fcommefleurs\system\View\View.php(213): CodeIgniter\View\View->CodeIgniter\View\{closure}()
#2 C:\laragon\www\fcommefleurs\system\Common.php(1089): CodeIgniter\View\View->render('admin/product_l...', Array, true)
#3 C:\laragon\www\fcommefleurs\app\Controllers\Product.php(18): view('admin/product_l...', Array)
#4 C:\laragon\www\fcommefleurs\system\CodeIgniter.php(832): App\Controllers\Product->index()
#5 C:\laragon\www\fcommefleurs\system\CodeIgniter.php(419): CodeIgniter\CodeIgniter->runController(Object(App\Controllers\Product))
#6 C:\laragon\www\fcommefleurs\system\CodeIgniter.php(326): CodeIgniter\CodeIgniter->handleRequest(NULL, Object(Config\Cache), false)
#7 C:\laragon\www\fcommefleurs\public\index.php(37): CodeIgniter\CodeIgniter->run()
#8 C:\laragon\www\fcommefleurs\system\Commands\Server\rewrite.php(43): require_once('C:\\laragon\\www\\...')
#9 {main}
CRITICAL - 2022-08-24 12:27:23 --> Call to undefined method App\Entities\Produit::getId()
#0 C:\laragon\www\fcommefleurs\system\View\View.php(210): include()
#1 C:\laragon\www\fcommefleurs\system\View\View.php(213): CodeIgniter\View\View->CodeIgniter\View\{closure}()
#2 C:\laragon\www\fcommefleurs\system\Common.php(1089): CodeIgniter\View\View->render('admin/product_l...', Array, true)
#3 C:\laragon\www\fcommefleurs\app\Controllers\Product.php(18): view('admin/product_l...', Array)
#4 C:\laragon\www\fcommefleurs\system\CodeIgniter.php(832): App\Controllers\Product->index()
#5 C:\laragon\www\fcommefleurs\system\CodeIgniter.php(419): CodeIgniter\CodeIgniter->runController(Object(App\Controllers\Product))
#6 C:\laragon\www\fcommefleurs\system\CodeIgniter.php(326): CodeIgniter\CodeIgniter->handleRequest(NULL, Object(Config\Cache), false)
#7 C:\laragon\www\fcommefleurs\public\index.php(37): CodeIgniter\CodeIgniter->run()
#8 C:\laragon\www\fcommefleurs\system\Commands\Server\rewrite.php(43): require_once('C:\\laragon\\www\\...')
#9 {main}
CRITICAL - 2022-08-24 12:29:31 --> Call to undefined method App\Entities\Produit::getId()
#0 C:\laragon\www\fcommefleurs\system\View\View.php(210): include()
#1 C:\laragon\www\fcommefleurs\system\View\View.php(213): CodeIgniter\View\View->CodeIgniter\View\{closure}()
#2 C:\laragon\www\fcommefleurs\system\Common.php(1089): CodeIgniter\View\View->render('admin/product_l...', Array, true)
#3 C:\laragon\www\fcommefleurs\app\Controllers\Product.php(18): view('admin/product_l...', Array)
#4 C:\laragon\www\fcommefleurs\system\CodeIgniter.php(832): App\Controllers\Product->index()
#5 C:\laragon\www\fcommefleurs\system\CodeIgniter.php(419): CodeIgniter\CodeIgniter->runController(Object(App\Controllers\Product))
#6 C:\laragon\www\fcommefleurs\system\CodeIgniter.php(326): CodeIgniter\CodeIgniter->handleRequest(NULL, Object(Config\Cache), false)
#7 C:\laragon\www\fcommefleurs\public\index.php(37): CodeIgniter\CodeIgniter->run()
#8 C:\laragon\www\fcommefleurs\system\Commands\Server\rewrite.php(43): require_once('C:\\laragon\\www\\...')
#9 {main}
CRITICAL - 2022-08-24 12:31:07 --> Call to undefined method App\Entities\Produit::getDescription()
#0 C:\laragon\www\fcommefleurs\system\View\View.php(210): include()
#1 C:\laragon\www\fcommefleurs\system\View\View.php(213): CodeIgniter\View\View->CodeIgniter\View\{closure}()
#2 C:\laragon\www\fcommefleurs\system\Common.php(1089): CodeIgniter\View\View->render('admin/product_l...', Array, true)
#3 C:\laragon\www\fcommefleurs\app\Controllers\Product.php(18): view('admin/product_l...', Array)
#4 C:\laragon\www\fcommefleurs\system\CodeIgniter.php(832): App\Controllers\Product->index()
#5 C:\laragon\www\fcommefleurs\system\CodeIgniter.php(419): CodeIgniter\CodeIgniter->runController(Object(App\Controllers\Product))
#6 C:\laragon\www\fcommefleurs\system\CodeIgniter.php(326): CodeIgniter\CodeIgniter->handleRequest(NULL, Object(Config\Cache), false)
#7 C:\laragon\www\fcommefleurs\public\index.php(37): CodeIgniter\CodeIgniter->run()
#8 C:\laragon\www\fcommefleurs\system\Commands\Server\rewrite.php(43): require_once('C:\\laragon\\www\\...')
#9 {main}
CRITICAL - 2022-08-24 12:31:57 --> Call to undefined method App\Entities\Produit::getDescription()
#0 C:\laragon\www\fcommefleurs\system\View\View.php(210): include()
#1 C:\laragon\www\fcommefleurs\system\View\View.php(213): CodeIgniter\View\View->CodeIgniter\View\{closure}()
#2 C:\laragon\www\fcommefleurs\system\Common.php(1089): CodeIgniter\View\View->render('admin/product_l...', Array, true)
#3 C:\laragon\www\fcommefleurs\app\Controllers\Product.php(18): view('admin/product_l...', Array)
#4 C:\laragon\www\fcommefleurs\system\CodeIgniter.php(832): App\Controllers\Product->index()
#5 C:\laragon\www\fcommefleurs\system\CodeIgniter.php(419): CodeIgniter\CodeIgniter->runController(Object(App\Controllers\Product))
#6 C:\laragon\www\fcommefleurs\system\CodeIgniter.php(326): CodeIgniter\CodeIgniter->handleRequest(NULL, Object(Config\Cache), false)
#7 C:\laragon\www\fcommefleurs\public\index.php(37): CodeIgniter\CodeIgniter->run()
#8 C:\laragon\www\fcommefleurs\system\Commands\Server\rewrite.php(43): require_once('C:\\laragon\\www\\...')
#9 {main}
CRITICAL - 2022-08-24 12:32:24 --> Call to undefined method App\Entities\Produit::getDescription()
#0 C:\laragon\www\fcommefleurs\system\View\View.php(210): include()
#1 C:\laragon\www\fcommefleurs\system\View\View.php(213): CodeIgniter\View\View->CodeIgniter\View\{closure}()
#2 C:\laragon\www\fcommefleurs\system\Common.php(1089): CodeIgniter\View\View->render('admin/product_l...', Array, true)
#3 C:\laragon\www\fcommefleurs\app\Controllers\Product.php(18): view('admin/product_l...', Array)
#4 C:\laragon\www\fcommefleurs\system\CodeIgniter.php(832): App\Controllers\Product->index()
#5 C:\laragon\www\fcommefleurs\system\CodeIgniter.php(419): CodeIgniter\CodeIgniter->runController(Object(App\Controllers\Product))
#6 C:\laragon\www\fcommefleurs\system\CodeIgniter.php(326): CodeIgniter\CodeIgniter->handleRequest(NULL, Object(Config\Cache), false)
#7 C:\laragon\www\fcommefleurs\public\index.php(37): CodeIgniter\CodeIgniter->run()
#8 C:\laragon\www\fcommefleurs\system\Commands\Server\rewrite.php(43): require_once('C:\\laragon\\www\\...')
#9 {main}
