ERROR - 2022-09-22 02:45:56 --> Error connecting to the database: Host '193.57.125.7' is not allowed to connect to this MariaDB server
CRITICAL - 2022-09-22 02:45:56 --> Unable to connect to the database.
Main connection [MySQLi]: Host '193.57.125.7' is not allowed to connect to this MariaDB server
#0 C:\laragon\www\workspace\fcommefleurs\system\Database\BaseConnection.php(577): CodeIgniter\Database\BaseConnection->initialize()
#1 C:\laragon\www\workspace\fcommefleurs\system\Database\BaseBuilder.php(1455): CodeIgniter\Database\BaseConnection->query('SELECT *\nFROM `...', Array, false)
#2 C:\laragon\www\workspace\fcommefleurs\app\Models\ProductModel.php(38): CodeIgniter\Database\BaseBuilder->get()
#3 C:\laragon\www\workspace\fcommefleurs\app\Controllers\Home.php(18): App\Models\ProductModel->getProduct()
#4 C:\laragon\www\workspace\fcommefleurs\system\CodeIgniter.php(832): App\Controllers\Home->index()
#5 C:\laragon\www\workspace\fcommefleurs\system\CodeIgniter.php(419): CodeIgniter\CodeIgniter->runController(Object(App\Controllers\Home))
#6 C:\laragon\www\workspace\fcommefleurs\system\CodeIgniter.php(326): CodeIgniter\CodeIgniter->handleRequest(NULL, Object(Config\Cache), false)
#7 C:\laragon\www\workspace\fcommefleurs\public\index.php(37): CodeIgniter\CodeIgniter->run()
#8 C:\laragon\www\workspace\fcommefleurs\system\Commands\Server\rewrite.php(43): require_once('C:\\laragon\\www\\...')
#9 {main}
ERROR - 2022-09-22 02:46:18 --> Error connecting to the database: Host '193.57.125.7' is not allowed to connect to this MariaDB server
CRITICAL - 2022-09-22 02:46:18 --> Unable to connect to the database.
Main connection [MySQLi]: Host '193.57.125.7' is not allowed to connect to this MariaDB server
#0 C:\laragon\www\workspace\fcommefleurs\system\Database\BaseConnection.php(577): CodeIgniter\Database\BaseConnection->initialize()
#1 C:\laragon\www\workspace\fcommefleurs\system\Database\BaseBuilder.php(1455): CodeIgniter\Database\BaseConnection->query('SELECT *\nFROM `...', Array, false)
#2 C:\laragon\www\workspace\fcommefleurs\app\Models\ProductModel.php(38): CodeIgniter\Database\BaseBuilder->get()
#3 C:\laragon\www\workspace\fcommefleurs\app\Controllers\Shop.php(18): App\Models\ProductModel->getProduct()
#4 C:\laragon\www\workspace\fcommefleurs\system\CodeIgniter.php(832): App\Controllers\Shop->index()
#5 C:\laragon\www\workspace\fcommefleurs\system\CodeIgniter.php(419): CodeIgniter\CodeIgniter->runController(Object(App\Controllers\Shop))
#6 C:\laragon\www\workspace\fcommefleurs\system\CodeIgniter.php(326): CodeIgniter\CodeIgniter->handleRequest(NULL, Object(Config\Cache), false)
#7 C:\laragon\www\workspace\fcommefleurs\public\index.php(37): CodeIgniter\CodeIgniter->run()
#8 C:\laragon\www\workspace\fcommefleurs\system\Commands\Server\rewrite.php(43): require_once('C:\\laragon\\www\\...')
#9 {main}
ERROR - 2022-09-22 02:46:28 --> Error connecting to the database: Host '193.57.125.7' is not allowed to connect to this MariaDB server
CRITICAL - 2022-09-22 02:46:28 --> Unable to connect to the database.
Main connection [MySQLi]: Host '193.57.125.7' is not allowed to connect to this MariaDB server
#0 C:\laragon\www\workspace\fcommefleurs\system\Database\BaseConnection.php(577): CodeIgniter\Database\BaseConnection->initialize()
#1 C:\laragon\www\workspace\fcommefleurs\system\Database\BaseBuilder.php(1455): CodeIgniter\Database\BaseConnection->query('SELECT *\nFROM `...', Array, false)
#2 C:\laragon\www\workspace\fcommefleurs\app\Models\ProductModel.php(38): CodeIgniter\Database\BaseBuilder->get()
#3 C:\laragon\www\workspace\fcommefleurs\app\Controllers\Home.php(18): App\Models\ProductModel->getProduct()
#4 C:\laragon\www\workspace\fcommefleurs\system\CodeIgniter.php(832): App\Controllers\Home->index()
#5 C:\laragon\www\workspace\fcommefleurs\system\CodeIgniter.php(419): CodeIgniter\CodeIgniter->runController(Object(App\Controllers\Home))
#6 C:\laragon\www\workspace\fcommefleurs\system\CodeIgniter.php(326): CodeIgniter\CodeIgniter->handleRequest(NULL, Object(Config\Cache), false)
#7 C:\laragon\www\workspace\fcommefleurs\public\index.php(37): CodeIgniter\CodeIgniter->run()
#8 C:\laragon\www\workspace\fcommefleurs\system\Commands\Server\rewrite.php(43): require_once('C:\\laragon\\www\\...')
#9 {main}
ERROR - 2022-09-22 02:46:52 --> Error connecting to the database: Host '193.57.125.7' is not allowed to connect to this MariaDB server
CRITICAL - 2022-09-22 02:46:52 --> Unable to connect to the database.
Main connection [MySQLi]: Host '193.57.125.7' is not allowed to connect to this MariaDB server
#0 C:\laragon\www\workspace\fcommefleurs\system\Database\BaseConnection.php(577): CodeIgniter\Database\BaseConnection->initialize()
#1 C:\laragon\www\workspace\fcommefleurs\system\Database\BaseBuilder.php(1455): CodeIgniter\Database\BaseConnection->query('SELECT *\nFROM `...', Array, false)
#2 C:\laragon\www\workspace\fcommefleurs\app\Models\ProductModel.php(38): CodeIgniter\Database\BaseBuilder->get()
#3 C:\laragon\www\workspace\fcommefleurs\app\Controllers\Home.php(18): App\Models\ProductModel->getProduct()
#4 C:\laragon\www\workspace\fcommefleurs\system\CodeIgniter.php(832): App\Controllers\Home->index()
#5 C:\laragon\www\workspace\fcommefleurs\system\CodeIgniter.php(419): CodeIgniter\CodeIgniter->runController(Object(App\Controllers\Home))
#6 C:\laragon\www\workspace\fcommefleurs\system\CodeIgniter.php(326): CodeIgniter\CodeIgniter->handleRequest(NULL, Object(Config\Cache), false)
#7 C:\laragon\www\workspace\fcommefleurs\public\index.php(37): CodeIgniter\CodeIgniter->run()
#8 C:\laragon\www\workspace\fcommefleurs\system\Commands\Server\rewrite.php(43): require_once('C:\\laragon\\www\\...')
#9 {main}
ERROR - 2022-09-22 02:46:58 --> Error connecting to the database: Host '193.57.125.7' is not allowed to connect to this MariaDB server
CRITICAL - 2022-09-22 02:46:58 --> Unable to connect to the database.
Main connection [MySQLi]: Host '193.57.125.7' is not allowed to connect to this MariaDB server
#0 C:\laragon\www\workspace\fcommefleurs\system\Database\BaseConnection.php(577): CodeIgniter\Database\BaseConnection->initialize()
#1 C:\laragon\www\workspace\fcommefleurs\system\Database\BaseBuilder.php(1455): CodeIgniter\Database\BaseConnection->query('SELECT *\nFROM `...', Array, false)
#2 C:\laragon\www\workspace\fcommefleurs\app\Models\ProductModel.php(38): CodeIgniter\Database\BaseBuilder->get()
#3 C:\laragon\www\workspace\fcommefleurs\app\Controllers\Home.php(18): App\Models\ProductModel->getProduct()
#4 C:\laragon\www\workspace\fcommefleurs\system\CodeIgniter.php(832): App\Controllers\Home->index()
#5 C:\laragon\www\workspace\fcommefleurs\system\CodeIgniter.php(419): CodeIgniter\CodeIgniter->runController(Object(App\Controllers\Home))
#6 C:\laragon\www\workspace\fcommefleurs\system\CodeIgniter.php(326): CodeIgniter\CodeIgniter->handleRequest(NULL, Object(Config\Cache), false)
#7 C:\laragon\www\workspace\fcommefleurs\public\index.php(37): CodeIgniter\CodeIgniter->run()
#8 C:\laragon\www\workspace\fcommefleurs\system\Commands\Server\rewrite.php(43): require_once('C:\\laragon\\www\\...')
#9 {main}
ERROR - 2022-09-22 02:47:34 --> Error connecting to the database: Host '193.57.125.7' is not allowed to connect to this MariaDB server
CRITICAL - 2022-09-22 02:47:34 --> Unable to connect to the database.
Main connection [MySQLi]: Host '193.57.125.7' is not allowed to connect to this MariaDB server
#0 C:\laragon\www\workspace\fcommefleurs\system\Database\BaseConnection.php(577): CodeIgniter\Database\BaseConnection->initialize()
#1 C:\laragon\www\workspace\fcommefleurs\system\Database\BaseBuilder.php(1455): CodeIgniter\Database\BaseConnection->query('SELECT *\nFROM `...', Array, false)
#2 C:\laragon\www\workspace\fcommefleurs\app\Models\ProductModel.php(38): CodeIgniter\Database\BaseBuilder->get()
#3 C:\laragon\www\workspace\fcommefleurs\app\Controllers\Home.php(18): App\Models\ProductModel->getProduct()
#4 C:\laragon\www\workspace\fcommefleurs\system\CodeIgniter.php(832): App\Controllers\Home->index()
#5 C:\laragon\www\workspace\fcommefleurs\system\CodeIgniter.php(419): CodeIgniter\CodeIgniter->runController(Object(App\Controllers\Home))
#6 C:\laragon\www\workspace\fcommefleurs\system\CodeIgniter.php(326): CodeIgniter\CodeIgniter->handleRequest(NULL, Object(Config\Cache), false)
#7 C:\laragon\www\workspace\fcommefleurs\public\index.php(37): CodeIgniter\CodeIgniter->run()
#8 C:\laragon\www\workspace\fcommefleurs\system\Commands\Server\rewrite.php(43): require_once('C:\\laragon\\www\\...')
#9 {main}
ERROR - 2022-09-22 02:48:17 --> Error connecting to the database: Host '193.57.125.7' is not allowed to connect to this MariaDB server
CRITICAL - 2022-09-22 02:48:17 --> Unable to connect to the database.
Main connection [MySQLi]: Host '193.57.125.7' is not allowed to connect to this MariaDB server
#0 C:\laragon\www\workspace\fcommefleurs\system\Database\BaseConnection.php(577): CodeIgniter\Database\BaseConnection->initialize()
#1 C:\laragon\www\workspace\fcommefleurs\system\Database\BaseBuilder.php(1455): CodeIgniter\Database\BaseConnection->query('SELECT *\nFROM `...', Array, false)
#2 C:\laragon\www\workspace\fcommefleurs\app\Models\ProductModel.php(38): CodeIgniter\Database\BaseBuilder->get()
#3 C:\laragon\www\workspace\fcommefleurs\app\Controllers\Product.php(12): App\Models\ProductModel->getProduct()
#4 C:\laragon\www\workspace\fcommefleurs\system\CodeIgniter.php(832): App\Controllers\Product->index()
#5 C:\laragon\www\workspace\fcommefleurs\system\CodeIgniter.php(419): CodeIgniter\CodeIgniter->runController(Object(App\Controllers\Product))
#6 C:\laragon\www\workspace\fcommefleurs\system\CodeIgniter.php(326): CodeIgniter\CodeIgniter->handleRequest(NULL, Object(Config\Cache), false)
#7 C:\laragon\www\workspace\fcommefleurs\public\index.php(37): CodeIgniter\CodeIgniter->run()
#8 C:\laragon\www\workspace\fcommefleurs\system\Commands\Server\rewrite.php(43): require_once('C:\\laragon\\www\\...')
#9 {main}
ERROR - 2022-09-22 02:49:15 --> Error connecting to the database: Host '193.57.125.7' is not allowed to connect to this MariaDB server
CRITICAL - 2022-09-22 02:49:15 --> Unable to connect to the database.
Main connection [MySQLi]: Host '193.57.125.7' is not allowed to connect to this MariaDB server
#0 C:\laragon\www\workspace\fcommefleurs\system\Database\BaseConnection.php(577): CodeIgniter\Database\BaseConnection->initialize()
#1 C:\laragon\www\workspace\fcommefleurs\system\Database\BaseBuilder.php(1455): CodeIgniter\Database\BaseConnection->query('SELECT *\nFROM `...', Array, false)
#2 C:\laragon\www\workspace\fcommefleurs\app\Models\ProductModel.php(38): CodeIgniter\Database\BaseBuilder->get()
#3 C:\laragon\www\workspace\fcommefleurs\app\Controllers\Home.php(18): App\Models\ProductModel->getProduct()
#4 C:\laragon\www\workspace\fcommefleurs\system\CodeIgniter.php(832): App\Controllers\Home->index()
#5 C:\laragon\www\workspace\fcommefleurs\system\CodeIgniter.php(419): CodeIgniter\CodeIgniter->runController(Object(App\Controllers\Home))
#6 C:\laragon\www\workspace\fcommefleurs\system\CodeIgniter.php(326): CodeIgniter\CodeIgniter->handleRequest(NULL, Object(Config\Cache), false)
#7 C:\laragon\www\workspace\fcommefleurs\public\index.php(37): CodeIgniter\CodeIgniter->run()
#8 C:\laragon\www\workspace\fcommefleurs\system\Commands\Server\rewrite.php(43): require_once('C:\\laragon\\www\\...')
#9 {main}
ERROR - 2022-09-22 03:45:02 --> Error connecting to the database: Host '193.57.125.7' is not allowed to connect to this MariaDB server
CRITICAL - 2022-09-22 03:45:02 --> Unable to connect to the database.
Main connection [MySQLi]: Host '193.57.125.7' is not allowed to connect to this MariaDB server
#0 C:\laragon\www\workspace\fcommefleurs\system\Database\BaseConnection.php(577): CodeIgniter\Database\BaseConnection->initialize()
#1 C:\laragon\www\workspace\fcommefleurs\system\Database\BaseBuilder.php(1455): CodeIgniter\Database\BaseConnection->query('SELECT *\nFROM `...', Array, false)
#2 C:\laragon\www\workspace\fcommefleurs\app\Models\ProductModel.php(38): CodeIgniter\Database\BaseBuilder->get()
#3 C:\laragon\www\workspace\fcommefleurs\app\Controllers\Home.php(18): App\Models\ProductModel->getProduct()
#4 C:\laragon\www\workspace\fcommefleurs\system\CodeIgniter.php(832): App\Controllers\Home->index()
#5 C:\laragon\www\workspace\fcommefleurs\system\CodeIgniter.php(419): CodeIgniter\CodeIgniter->runController(Object(App\Controllers\Home))
#6 C:\laragon\www\workspace\fcommefleurs\system\CodeIgniter.php(326): CodeIgniter\CodeIgniter->handleRequest(NULL, Object(Config\Cache), false)
#7 C:\laragon\www\workspace\fcommefleurs\public\index.php(37): CodeIgniter\CodeIgniter->run()
#8 C:\laragon\www\workspace\fcommefleurs\system\Commands\Server\rewrite.php(43): require_once('C:\\laragon\\www\\...')
#9 {main}
ERROR - 2022-09-22 03:45:40 --> Error connecting to the database: Host '193.57.125.7' is not allowed to connect to this MariaDB server
CRITICAL - 2022-09-22 03:45:40 --> Unable to connect to the database.
Main connection [MySQLi]: Host '193.57.125.7' is not allowed to connect to this MariaDB server
#0 C:\laragon\www\workspace\fcommefleurs\system\Database\BaseConnection.php(577): CodeIgniter\Database\BaseConnection->initialize()
#1 C:\laragon\www\workspace\fcommefleurs\system\Database\BaseBuilder.php(1455): CodeIgniter\Database\BaseConnection->query('SELECT *\nFROM `...', Array, false)
#2 C:\laragon\www\workspace\fcommefleurs\app\Models\ProductModel.php(38): CodeIgniter\Database\BaseBuilder->get()
#3 C:\laragon\www\workspace\fcommefleurs\app\Controllers\Home.php(18): App\Models\ProductModel->getProduct()
#4 C:\laragon\www\workspace\fcommefleurs\system\CodeIgniter.php(832): App\Controllers\Home->index()
#5 C:\laragon\www\workspace\fcommefleurs\system\CodeIgniter.php(419): CodeIgniter\CodeIgniter->runController(Object(App\Controllers\Home))
#6 C:\laragon\www\workspace\fcommefleurs\system\CodeIgniter.php(326): CodeIgniter\CodeIgniter->handleRequest(NULL, Object(Config\Cache), false)
#7 C:\laragon\www\workspace\fcommefleurs\public\index.php(37): CodeIgniter\CodeIgniter->run()
#8 C:\laragon\www\workspace\fcommefleurs\system\Commands\Server\rewrite.php(43): require_once('C:\\laragon\\www\\...')
#9 {main}
ERROR - 2022-09-22 03:45:54 --> Error connecting to the database: Host '193.57.125.7' is not allowed to connect to this MariaDB server
CRITICAL - 2022-09-22 03:45:54 --> Unable to connect to the database.
Main connection [MySQLi]: Host '193.57.125.7' is not allowed to connect to this MariaDB server
#0 C:\laragon\www\workspace\fcommefleurs\system\Database\BaseConnection.php(577): CodeIgniter\Database\BaseConnection->initialize()
#1 C:\laragon\www\workspace\fcommefleurs\system\Database\BaseBuilder.php(1455): CodeIgniter\Database\BaseConnection->query('SELECT *\nFROM `...', Array, false)
#2 C:\laragon\www\workspace\fcommefleurs\app\Models\ProductModel.php(38): CodeIgniter\Database\BaseBuilder->get()
#3 C:\laragon\www\workspace\fcommefleurs\app\Controllers\Home.php(18): App\Models\ProductModel->getProduct()
#4 C:\laragon\www\workspace\fcommefleurs\system\CodeIgniter.php(832): App\Controllers\Home->index()
#5 C:\laragon\www\workspace\fcommefleurs\system\CodeIgniter.php(419): CodeIgniter\CodeIgniter->runController(Object(App\Controllers\Home))
#6 C:\laragon\www\workspace\fcommefleurs\system\CodeIgniter.php(326): CodeIgniter\CodeIgniter->handleRequest(NULL, Object(Config\Cache), false)
#7 C:\laragon\www\workspace\fcommefleurs\public\index.php(37): CodeIgniter\CodeIgniter->run()
#8 C:\laragon\www\workspace\fcommefleurs\system\Commands\Server\rewrite.php(43): require_once('C:\\laragon\\www\\...')
#9 {main}
ERROR - 2022-09-22 03:46:05 --> Error connecting to the database: Host '193.57.125.7' is not allowed to connect to this MariaDB server
CRITICAL - 2022-09-22 03:46:05 --> Unable to connect to the database.
Main connection [MySQLi]: Host '193.57.125.7' is not allowed to connect to this MariaDB server
#0 C:\laragon\www\workspace\fcommefleurs\system\Database\BaseConnection.php(577): CodeIgniter\Database\BaseConnection->initialize()
#1 C:\laragon\www\workspace\fcommefleurs\system\Database\BaseBuilder.php(1455): CodeIgniter\Database\BaseConnection->query('SELECT *\nFROM `...', Array, false)
#2 C:\laragon\www\workspace\fcommefleurs\app\Models\ProductModel.php(38): CodeIgniter\Database\BaseBuilder->get()
#3 C:\laragon\www\workspace\fcommefleurs\app\Controllers\Home.php(18): App\Models\ProductModel->getProduct()
#4 C:\laragon\www\workspace\fcommefleurs\system\CodeIgniter.php(832): App\Controllers\Home->index()
#5 C:\laragon\www\workspace\fcommefleurs\system\CodeIgniter.php(419): CodeIgniter\CodeIgniter->runController(Object(App\Controllers\Home))
#6 C:\laragon\www\workspace\fcommefleurs\system\CodeIgniter.php(326): CodeIgniter\CodeIgniter->handleRequest(NULL, Object(Config\Cache), false)
#7 C:\laragon\www\workspace\fcommefleurs\public\index.php(37): CodeIgniter\CodeIgniter->run()
#8 C:\laragon\www\workspace\fcommefleurs\system\Commands\Server\rewrite.php(43): require_once('C:\\laragon\\www\\...')
#9 {main}
ERROR - 2022-09-22 03:46:50 --> Error connecting to the database: Host '193.57.125.7' is not allowed to connect to this MariaDB server
CRITICAL - 2022-09-22 03:46:50 --> Unable to connect to the database.
Main connection [MySQLi]: Host '193.57.125.7' is not allowed to connect to this MariaDB server
#0 C:\laragon\www\workspace\fcommefleurs\system\Database\BaseConnection.php(577): CodeIgniter\Database\BaseConnection->initialize()
#1 C:\laragon\www\workspace\fcommefleurs\system\Database\BaseBuilder.php(1455): CodeIgniter\Database\BaseConnection->query('SELECT *\nFROM `...', Array, false)
#2 C:\laragon\www\workspace\fcommefleurs\app\Models\ProductModel.php(38): CodeIgniter\Database\BaseBuilder->get()
#3 C:\laragon\www\workspace\fcommefleurs\app\Controllers\Home.php(18): App\Models\ProductModel->getProduct()
#4 C:\laragon\www\workspace\fcommefleurs\system\CodeIgniter.php(832): App\Controllers\Home->index()
#5 C:\laragon\www\workspace\fcommefleurs\system\CodeIgniter.php(419): CodeIgniter\CodeIgniter->runController(Object(App\Controllers\Home))
#6 C:\laragon\www\workspace\fcommefleurs\system\CodeIgniter.php(326): CodeIgniter\CodeIgniter->handleRequest(NULL, Object(Config\Cache), false)
#7 C:\laragon\www\workspace\fcommefleurs\public\index.php(37): CodeIgniter\CodeIgniter->run()
#8 C:\laragon\www\workspace\fcommefleurs\system\Commands\Server\rewrite.php(43): require_once('C:\\laragon\\www\\...')
#9 {main}
ERROR - 2022-09-22 03:47:15 --> Error connecting to the database: Host '193.57.125.7' is not allowed to connect to this MariaDB server
CRITICAL - 2022-09-22 03:47:15 --> Unable to connect to the database.
Main connection [MySQLi]: Host '193.57.125.7' is not allowed to connect to this MariaDB server
#0 C:\laragon\www\workspace\fcommefleurs\system\Database\BaseConnection.php(577): CodeIgniter\Database\BaseConnection->initialize()
#1 C:\laragon\www\workspace\fcommefleurs\system\Database\BaseBuilder.php(1455): CodeIgniter\Database\BaseConnection->query('SELECT *\nFROM `...', Array, false)
#2 C:\laragon\www\workspace\fcommefleurs\app\Models\ProductModel.php(38): CodeIgniter\Database\BaseBuilder->get()
#3 C:\laragon\www\workspace\fcommefleurs\app\Controllers\Home.php(18): App\Models\ProductModel->getProduct()
#4 C:\laragon\www\workspace\fcommefleurs\system\CodeIgniter.php(832): App\Controllers\Home->index()
#5 C:\laragon\www\workspace\fcommefleurs\system\CodeIgniter.php(419): CodeIgniter\CodeIgniter->runController(Object(App\Controllers\Home))
#6 C:\laragon\www\workspace\fcommefleurs\system\CodeIgniter.php(326): CodeIgniter\CodeIgniter->handleRequest(NULL, Object(Config\Cache), false)
#7 C:\laragon\www\workspace\fcommefleurs\public\index.php(37): CodeIgniter\CodeIgniter->run()
#8 C:\laragon\www\workspace\fcommefleurs\system\Commands\Server\rewrite.php(43): require_once('C:\\laragon\\www\\...')
#9 {main}
ERROR - 2022-09-22 03:47:28 --> Error connecting to the database: Host '193.57.125.7' is not allowed to connect to this MariaDB server
CRITICAL - 2022-09-22 03:47:28 --> Unable to connect to the database.
Main connection [MySQLi]: Host '193.57.125.7' is not allowed to connect to this MariaDB server
#0 C:\laragon\www\workspace\fcommefleurs\system\Database\BaseConnection.php(577): CodeIgniter\Database\BaseConnection->initialize()
#1 C:\laragon\www\workspace\fcommefleurs\system\Database\BaseBuilder.php(1455): CodeIgniter\Database\BaseConnection->query('SELECT *\nFROM `...', Array, false)
#2 C:\laragon\www\workspace\fcommefleurs\app\Models\ProductModel.php(38): CodeIgniter\Database\BaseBuilder->get()
#3 C:\laragon\www\workspace\fcommefleurs\app\Controllers\Home.php(18): App\Models\ProductModel->getProduct()
#4 C:\laragon\www\workspace\fcommefleurs\system\CodeIgniter.php(832): App\Controllers\Home->index()
#5 C:\laragon\www\workspace\fcommefleurs\system\CodeIgniter.php(419): CodeIgniter\CodeIgniter->runController(Object(App\Controllers\Home))
#6 C:\laragon\www\workspace\fcommefleurs\system\CodeIgniter.php(326): CodeIgniter\CodeIgniter->handleRequest(NULL, Object(Config\Cache), false)
#7 C:\laragon\www\workspace\fcommefleurs\public\index.php(37): CodeIgniter\CodeIgniter->run()
#8 C:\laragon\www\workspace\fcommefleurs\system\Commands\Server\rewrite.php(43): require_once('C:\\laragon\\www\\...')
#9 {main}
ERROR - 2022-09-22 03:47:37 --> Error connecting to the database: Host '193.57.125.7' is not allowed to connect to this MariaDB server
CRITICAL - 2022-09-22 03:47:37 --> Unable to connect to the database.
Main connection [MySQLi]: Host '193.57.125.7' is not allowed to connect to this MariaDB server
#0 C:\laragon\www\workspace\fcommefleurs\system\Database\BaseConnection.php(577): CodeIgniter\Database\BaseConnection->initialize()
#1 C:\laragon\www\workspace\fcommefleurs\system\Database\BaseBuilder.php(1455): CodeIgniter\Database\BaseConnection->query('SELECT *\nFROM `...', Array, false)
#2 C:\laragon\www\workspace\fcommefleurs\app\Models\ProductModel.php(38): CodeIgniter\Database\BaseBuilder->get()
#3 C:\laragon\www\workspace\fcommefleurs\app\Controllers\Home.php(18): App\Models\ProductModel->getProduct()
#4 C:\laragon\www\workspace\fcommefleurs\system\CodeIgniter.php(832): App\Controllers\Home->index()
#5 C:\laragon\www\workspace\fcommefleurs\system\CodeIgniter.php(419): CodeIgniter\CodeIgniter->runController(Object(App\Controllers\Home))
#6 C:\laragon\www\workspace\fcommefleurs\system\CodeIgniter.php(326): CodeIgniter\CodeIgniter->handleRequest(NULL, Object(Config\Cache), false)
#7 C:\laragon\www\workspace\fcommefleurs\public\index.php(37): CodeIgniter\CodeIgniter->run()
#8 C:\laragon\www\workspace\fcommefleurs\system\Commands\Server\rewrite.php(43): require_once('C:\\laragon\\www\\...')
#9 {main}
ERROR - 2022-09-22 03:48:17 --> Error connecting to the database: Host '193.57.125.7' is not allowed to connect to this MariaDB server
CRITICAL - 2022-09-22 03:48:17 --> Unable to connect to the database.
Main connection [MySQLi]: Host '193.57.125.7' is not allowed to connect to this MariaDB server
#0 C:\laragon\www\workspace\fcommefleurs\system\Database\BaseConnection.php(577): CodeIgniter\Database\BaseConnection->initialize()
#1 C:\laragon\www\workspace\fcommefleurs\system\Database\BaseBuilder.php(1455): CodeIgniter\Database\BaseConnection->query('SELECT *\nFROM `...', Array, false)
#2 C:\laragon\www\workspace\fcommefleurs\app\Models\ProductModel.php(38): CodeIgniter\Database\BaseBuilder->get()
#3 C:\laragon\www\workspace\fcommefleurs\app\Controllers\Home.php(18): App\Models\ProductModel->getProduct()
#4 C:\laragon\www\workspace\fcommefleurs\system\CodeIgniter.php(832): App\Controllers\Home->index()
#5 C:\laragon\www\workspace\fcommefleurs\system\CodeIgniter.php(419): CodeIgniter\CodeIgniter->runController(Object(App\Controllers\Home))
#6 C:\laragon\www\workspace\fcommefleurs\system\CodeIgniter.php(326): CodeIgniter\CodeIgniter->handleRequest(NULL, Object(Config\Cache), false)
#7 C:\laragon\www\workspace\fcommefleurs\public\index.php(37): CodeIgniter\CodeIgniter->run()
#8 C:\laragon\www\workspace\fcommefleurs\system\Commands\Server\rewrite.php(43): require_once('C:\\laragon\\www\\...')
#9 {main}
ERROR - 2022-09-22 03:48:27 --> Error connecting to the database: Host '193.57.125.7' is not allowed to connect to this MariaDB server
CRITICAL - 2022-09-22 03:48:27 --> Unable to connect to the database.
Main connection [MySQLi]: Host '193.57.125.7' is not allowed to connect to this MariaDB server
#0 C:\laragon\www\workspace\fcommefleurs\system\Database\BaseConnection.php(577): CodeIgniter\Database\BaseConnection->initialize()
#1 C:\laragon\www\workspace\fcommefleurs\system\Database\BaseBuilder.php(1455): CodeIgniter\Database\BaseConnection->query('SELECT *\nFROM `...', Array, false)
#2 C:\laragon\www\workspace\fcommefleurs\app\Models\ProductModel.php(38): CodeIgniter\Database\BaseBuilder->get()
#3 C:\laragon\www\workspace\fcommefleurs\app\Controllers\Home.php(18): App\Models\ProductModel->getProduct()
#4 C:\laragon\www\workspace\fcommefleurs\system\CodeIgniter.php(832): App\Controllers\Home->index()
#5 C:\laragon\www\workspace\fcommefleurs\system\CodeIgniter.php(419): CodeIgniter\CodeIgniter->runController(Object(App\Controllers\Home))
#6 C:\laragon\www\workspace\fcommefleurs\system\CodeIgniter.php(326): CodeIgniter\CodeIgniter->handleRequest(NULL, Object(Config\Cache), false)
#7 C:\laragon\www\workspace\fcommefleurs\public\index.php(37): CodeIgniter\CodeIgniter->run()
#8 C:\laragon\www\workspace\fcommefleurs\system\Commands\Server\rewrite.php(43): require_once('C:\\laragon\\www\\...')
#9 {main}
ERROR - 2022-09-22 03:48:35 --> Error connecting to the database: Host '193.57.125.7' is not allowed to connect to this MariaDB server
CRITICAL - 2022-09-22 03:48:35 --> Unable to connect to the database.
Main connection [MySQLi]: Host '193.57.125.7' is not allowed to connect to this MariaDB server
#0 C:\laragon\www\workspace\fcommefleurs\system\Database\BaseConnection.php(577): CodeIgniter\Database\BaseConnection->initialize()
#1 C:\laragon\www\workspace\fcommefleurs\system\Database\BaseBuilder.php(1455): CodeIgniter\Database\BaseConnection->query('SELECT *\nFROM `...', Array, false)
#2 C:\laragon\www\workspace\fcommefleurs\app\Models\ProductModel.php(38): CodeIgniter\Database\BaseBuilder->get()
#3 C:\laragon\www\workspace\fcommefleurs\app\Controllers\Home.php(18): App\Models\ProductModel->getProduct()
#4 C:\laragon\www\workspace\fcommefleurs\system\CodeIgniter.php(832): App\Controllers\Home->index()
#5 C:\laragon\www\workspace\fcommefleurs\system\CodeIgniter.php(419): CodeIgniter\CodeIgniter->runController(Object(App\Controllers\Home))
#6 C:\laragon\www\workspace\fcommefleurs\system\CodeIgniter.php(326): CodeIgniter\CodeIgniter->handleRequest(NULL, Object(Config\Cache), false)
#7 C:\laragon\www\workspace\fcommefleurs\public\index.php(37): CodeIgniter\CodeIgniter->run()
#8 C:\laragon\www\workspace\fcommefleurs\system\Commands\Server\rewrite.php(43): require_once('C:\\laragon\\www\\...')
#9 {main}
ERROR - 2022-09-22 03:49:54 --> Error connecting to the database: Host '193.57.125.7' is not allowed to connect to this MariaDB server
CRITICAL - 2022-09-22 03:49:54 --> Unable to connect to the database.
Main connection [MySQLi]: Host '193.57.125.7' is not allowed to connect to this MariaDB server
#0 C:\laragon\www\workspace\fcommefleurs\system\Database\BaseConnection.php(577): CodeIgniter\Database\BaseConnection->initialize()
#1 C:\laragon\www\workspace\fcommefleurs\system\Database\BaseBuilder.php(1455): CodeIgniter\Database\BaseConnection->query('SELECT *\nFROM `...', Array, false)
#2 C:\laragon\www\workspace\fcommefleurs\app\Models\ProductModel.php(38): CodeIgniter\Database\BaseBuilder->get()
#3 C:\laragon\www\workspace\fcommefleurs\app\Controllers\Home.php(18): App\Models\ProductModel->getProduct()
#4 C:\laragon\www\workspace\fcommefleurs\system\CodeIgniter.php(832): App\Controllers\Home->index()
#5 C:\laragon\www\workspace\fcommefleurs\system\CodeIgniter.php(419): CodeIgniter\CodeIgniter->runController(Object(App\Controllers\Home))
#6 C:\laragon\www\workspace\fcommefleurs\system\CodeIgniter.php(326): CodeIgniter\CodeIgniter->handleRequest(NULL, Object(Config\Cache), false)
#7 C:\laragon\www\workspace\fcommefleurs\public\index.php(37): CodeIgniter\CodeIgniter->run()
#8 C:\laragon\www\workspace\fcommefleurs\system\Commands\Server\rewrite.php(43): require_once('C:\\laragon\\www\\...')
#9 {main}
ERROR - 2022-09-22 03:50:21 --> Error connecting to the database: Host '193.57.125.7' is not allowed to connect to this MariaDB server
CRITICAL - 2022-09-22 03:50:21 --> Unable to connect to the database.
Main connection [MySQLi]: Host '193.57.125.7' is not allowed to connect to this MariaDB server
#0 C:\laragon\www\workspace\fcommefleurs\system\Database\BaseConnection.php(577): CodeIgniter\Database\BaseConnection->initialize()
#1 C:\laragon\www\workspace\fcommefleurs\system\Database\BaseBuilder.php(1455): CodeIgniter\Database\BaseConnection->query('SELECT *\nFROM `...', Array, false)
#2 C:\laragon\www\workspace\fcommefleurs\app\Models\ProductModel.php(38): CodeIgniter\Database\BaseBuilder->get()
#3 C:\laragon\www\workspace\fcommefleurs\app\Controllers\Home.php(18): App\Models\ProductModel->getProduct()
#4 C:\laragon\www\workspace\fcommefleurs\system\CodeIgniter.php(832): App\Controllers\Home->index()
#5 C:\laragon\www\workspace\fcommefleurs\system\CodeIgniter.php(419): CodeIgniter\CodeIgniter->runController(Object(App\Controllers\Home))
#6 C:\laragon\www\workspace\fcommefleurs\system\CodeIgniter.php(326): CodeIgniter\CodeIgniter->handleRequest(NULL, Object(Config\Cache), false)
#7 C:\laragon\www\workspace\fcommefleurs\public\index.php(37): CodeIgniter\CodeIgniter->run()
#8 C:\laragon\www\workspace\fcommefleurs\system\Commands\Server\rewrite.php(43): require_once('C:\\laragon\\www\\...')
#9 {main}
ERROR - 2022-09-22 03:51:28 --> Error connecting to the database: Host '193.57.125.7' is not allowed to connect to this MariaDB server
CRITICAL - 2022-09-22 03:51:28 --> Unable to connect to the database.
Main connection [MySQLi]: Host '193.57.125.7' is not allowed to connect to this MariaDB server
#0 C:\laragon\www\workspace\fcommefleurs\system\Database\BaseConnection.php(577): CodeIgniter\Database\BaseConnection->initialize()
#1 C:\laragon\www\workspace\fcommefleurs\system\Database\BaseBuilder.php(1455): CodeIgniter\Database\BaseConnection->query('SELECT *\nFROM `...', Array, false)
#2 C:\laragon\www\workspace\fcommefleurs\app\Models\ProductModel.php(38): CodeIgniter\Database\BaseBuilder->get()
#3 C:\laragon\www\workspace\fcommefleurs\app\Controllers\Home.php(18): App\Models\ProductModel->getProduct()
#4 C:\laragon\www\workspace\fcommefleurs\system\CodeIgniter.php(832): App\Controllers\Home->index()
#5 C:\laragon\www\workspace\fcommefleurs\system\CodeIgniter.php(419): CodeIgniter\CodeIgniter->runController(Object(App\Controllers\Home))
#6 C:\laragon\www\workspace\fcommefleurs\system\CodeIgniter.php(326): CodeIgniter\CodeIgniter->handleRequest(NULL, Object(Config\Cache), false)
#7 C:\laragon\www\workspace\fcommefleurs\public\index.php(37): CodeIgniter\CodeIgniter->run()
#8 C:\laragon\www\workspace\fcommefleurs\system\Commands\Server\rewrite.php(43): require_once('C:\\laragon\\www\\...')
#9 {main}
ERROR - 2022-09-22 03:51:29 --> Error connecting to the database: Host '193.57.125.7' is not allowed to connect to this MariaDB server
CRITICAL - 2022-09-22 03:51:29 --> Unable to connect to the database.
Main connection [MySQLi]: Host '193.57.125.7' is not allowed to connect to this MariaDB server
#0 C:\laragon\www\workspace\fcommefleurs\system\Database\BaseConnection.php(577): CodeIgniter\Database\BaseConnection->initialize()
#1 C:\laragon\www\workspace\fcommefleurs\system\Database\BaseBuilder.php(1455): CodeIgniter\Database\BaseConnection->query('SELECT *\nFROM `...', Array, false)
#2 C:\laragon\www\workspace\fcommefleurs\app\Models\ProductModel.php(38): CodeIgniter\Database\BaseBuilder->get()
#3 C:\laragon\www\workspace\fcommefleurs\app\Controllers\Product.php(12): App\Models\ProductModel->getProduct()
#4 C:\laragon\www\workspace\fcommefleurs\system\CodeIgniter.php(832): App\Controllers\Product->index()
#5 C:\laragon\www\workspace\fcommefleurs\system\CodeIgniter.php(419): CodeIgniter\CodeIgniter->runController(Object(App\Controllers\Product))
#6 C:\laragon\www\workspace\fcommefleurs\system\CodeIgniter.php(326): CodeIgniter\CodeIgniter->handleRequest(NULL, Object(Config\Cache), false)
#7 C:\laragon\www\workspace\fcommefleurs\public\index.php(37): CodeIgniter\CodeIgniter->run()
#8 C:\laragon\www\workspace\fcommefleurs\system\Commands\Server\rewrite.php(43): require_once('C:\\laragon\\www\\...')
#9 {main}
ERROR - 2022-09-22 03:51:29 --> Error connecting to the database: Host '193.57.125.7' is not allowed to connect to this MariaDB server
CRITICAL - 2022-09-22 03:51:29 --> Unable to connect to the database.
Main connection [MySQLi]: Host '193.57.125.7' is not allowed to connect to this MariaDB server
#0 C:\laragon\www\workspace\fcommefleurs\system\Database\BaseConnection.php(577): CodeIgniter\Database\BaseConnection->initialize()
#1 C:\laragon\www\workspace\fcommefleurs\system\Database\BaseBuilder.php(1455): CodeIgniter\Database\BaseConnection->query('SELECT *\nFROM `...', Array, false)
#2 C:\laragon\www\workspace\fcommefleurs\app\Models\ProductModel.php(38): CodeIgniter\Database\BaseBuilder->get()
#3 C:\laragon\www\workspace\fcommefleurs\app\Controllers\Home.php(18): App\Models\ProductModel->getProduct()
#4 C:\laragon\www\workspace\fcommefleurs\system\CodeIgniter.php(832): App\Controllers\Home->index()
#5 C:\laragon\www\workspace\fcommefleurs\system\CodeIgniter.php(419): CodeIgniter\CodeIgniter->runController(Object(App\Controllers\Home))
#6 C:\laragon\www\workspace\fcommefleurs\system\CodeIgniter.php(326): CodeIgniter\CodeIgniter->handleRequest(NULL, Object(Config\Cache), false)
#7 C:\laragon\www\workspace\fcommefleurs\public\index.php(37): CodeIgniter\CodeIgniter->run()
#8 C:\laragon\www\workspace\fcommefleurs\system\Commands\Server\rewrite.php(43): require_once('C:\\laragon\\www\\...')
#9 {main}
ERROR - 2022-09-22 03:51:30 --> Error connecting to the database: Host '193.57.125.7' is not allowed to connect to this MariaDB server
CRITICAL - 2022-09-22 03:51:30 --> Unable to connect to the database.
Main connection [MySQLi]: Host '193.57.125.7' is not allowed to connect to this MariaDB server
#0 C:\laragon\www\workspace\fcommefleurs\system\Database\BaseConnection.php(577): CodeIgniter\Database\BaseConnection->initialize()
#1 C:\laragon\www\workspace\fcommefleurs\system\Database\BaseBuilder.php(1455): CodeIgniter\Database\BaseConnection->query('SELECT *\nFROM `...', Array, false)
#2 C:\laragon\www\workspace\fcommefleurs\app\Models\ProductModel.php(38): CodeIgniter\Database\BaseBuilder->get()
#3 C:\laragon\www\workspace\fcommefleurs\app\Controllers\Home.php(18): App\Models\ProductModel->getProduct()
#4 C:\laragon\www\workspace\fcommefleurs\system\CodeIgniter.php(832): App\Controllers\Home->index()
#5 C:\laragon\www\workspace\fcommefleurs\system\CodeIgniter.php(419): CodeIgniter\CodeIgniter->runController(Object(App\Controllers\Home))
#6 C:\laragon\www\workspace\fcommefleurs\system\CodeIgniter.php(326): CodeIgniter\CodeIgniter->handleRequest(NULL, Object(Config\Cache), false)
#7 C:\laragon\www\workspace\fcommefleurs\public\index.php(37): CodeIgniter\CodeIgniter->run()
#8 C:\laragon\www\workspace\fcommefleurs\system\Commands\Server\rewrite.php(43): require_once('C:\\laragon\\www\\...')
#9 {main}
ERROR - 2022-09-22 03:51:51 --> Error connecting to the database: Host '193.57.125.7' is not allowed to connect to this MariaDB server
CRITICAL - 2022-09-22 03:51:51 --> Unable to connect to the database.
Main connection [MySQLi]: Host '193.57.125.7' is not allowed to connect to this MariaDB server
#0 C:\laragon\www\workspace\fcommefleurs\system\Database\BaseConnection.php(577): CodeIgniter\Database\BaseConnection->initialize()
#1 C:\laragon\www\workspace\fcommefleurs\system\Database\BaseBuilder.php(1455): CodeIgniter\Database\BaseConnection->query('SELECT *\nFROM `...', Array, false)
#2 C:\laragon\www\workspace\fcommefleurs\app\Models\ProductModel.php(38): CodeIgniter\Database\BaseBuilder->get()
#3 C:\laragon\www\workspace\fcommefleurs\app\Controllers\Home.php(18): App\Models\ProductModel->getProduct()
#4 C:\laragon\www\workspace\fcommefleurs\system\CodeIgniter.php(832): App\Controllers\Home->index()
#5 C:\laragon\www\workspace\fcommefleurs\system\CodeIgniter.php(419): CodeIgniter\CodeIgniter->runController(Object(App\Controllers\Home))
#6 C:\laragon\www\workspace\fcommefleurs\system\CodeIgniter.php(326): CodeIgniter\CodeIgniter->handleRequest(NULL, Object(Config\Cache), false)
#7 C:\laragon\www\workspace\fcommefleurs\public\index.php(37): CodeIgniter\CodeIgniter->run()
#8 C:\laragon\www\workspace\fcommefleurs\system\Commands\Server\rewrite.php(43): require_once('C:\\laragon\\www\\...')
#9 {main}
ERROR - 2022-09-22 04:05:49 --> Error connecting to the database: Host '193.57.125.7' is not allowed to connect to this MariaDB server
CRITICAL - 2022-09-22 04:05:49 --> Unable to connect to the database.
Main connection [MySQLi]: Host '193.57.125.7' is not allowed to connect to this MariaDB server
#0 C:\laragon\www\workspace\fcommefleurs\system\Database\BaseConnection.php(577): CodeIgniter\Database\BaseConnection->initialize()
#1 C:\laragon\www\workspace\fcommefleurs\system\Database\BaseBuilder.php(1455): CodeIgniter\Database\BaseConnection->query('SELECT *\nFROM `...', Array, false)
#2 C:\laragon\www\workspace\fcommefleurs\app\Models\ProductModel.php(38): CodeIgniter\Database\BaseBuilder->get()
#3 C:\laragon\www\workspace\fcommefleurs\app\Controllers\Home.php(18): App\Models\ProductModel->getProduct()
#4 C:\laragon\www\workspace\fcommefleurs\system\CodeIgniter.php(832): App\Controllers\Home->index()
#5 C:\laragon\www\workspace\fcommefleurs\system\CodeIgniter.php(419): CodeIgniter\CodeIgniter->runController(Object(App\Controllers\Home))
#6 C:\laragon\www\workspace\fcommefleurs\system\CodeIgniter.php(326): CodeIgniter\CodeIgniter->handleRequest(NULL, Object(Config\Cache), false)
#7 C:\laragon\www\workspace\fcommefleurs\public\index.php(37): CodeIgniter\CodeIgniter->run()
#8 C:\laragon\www\workspace\fcommefleurs\system\Commands\Server\rewrite.php(43): require_once('C:\\laragon\\www\\...')
#9 {main}
ERROR - 2022-09-22 04:11:22 --> Error connecting to the database: Host '193.57.125.7' is not allowed to connect to this MariaDB server
CRITICAL - 2022-09-22 04:11:22 --> Unable to connect to the database.
Main connection [MySQLi]: Host '193.57.125.7' is not allowed to connect to this MariaDB server
#0 C:\laragon\www\workspace\fcommefleurs\system\Database\BaseConnection.php(577): CodeIgniter\Database\BaseConnection->initialize()
#1 C:\laragon\www\workspace\fcommefleurs\system\Database\BaseBuilder.php(1455): CodeIgniter\Database\BaseConnection->query('SELECT *\nFROM `...', Array, false)
#2 C:\laragon\www\workspace\fcommefleurs\app\Models\ProductModel.php(38): CodeIgniter\Database\BaseBuilder->get()
#3 C:\laragon\www\workspace\fcommefleurs\app\Controllers\Home.php(18): App\Models\ProductModel->getProduct()
#4 C:\laragon\www\workspace\fcommefleurs\system\CodeIgniter.php(832): App\Controllers\Home->index()
#5 C:\laragon\www\workspace\fcommefleurs\system\CodeIgniter.php(419): CodeIgniter\CodeIgniter->runController(Object(App\Controllers\Home))
#6 C:\laragon\www\workspace\fcommefleurs\system\CodeIgniter.php(326): CodeIgniter\CodeIgniter->handleRequest(NULL, Object(Config\Cache), false)
#7 C:\laragon\www\workspace\fcommefleurs\public\index.php(37): CodeIgniter\CodeIgniter->run()
#8 C:\laragon\www\workspace\fcommefleurs\system\Commands\Server\rewrite.php(43): require_once('C:\\laragon\\www\\...')
#9 {main}
