CRITICAL - 2022-08-02 06:12:22 --> Invalid file: x.php
#0 C:\laragon\www\fcommefleurs\system\View\View.php(198): CodeIgniter\Exceptions\FrameworkException::forInvalidFile('x.php')
#1 C:\laragon\www\fcommefleurs\system\Common.php(1089): CodeIgniter\View\View->render('x', Array, true)
#2 C:\laragon\www\fcommefleurs\app\Controllers\Home.php(24): view('x', Array)
#3 C:\laragon\www\fcommefleurs\system\CodeIgniter.php(832): App\Controllers\Home->index()
#4 C:\laragon\www\fcommefleurs\system\CodeIgniter.php(419): CodeIgniter\CodeIgniter->runController(Object(App\Controllers\Home))
#5 C:\laragon\www\fcommefleurs\system\CodeIgniter.php(326): CodeIgniter\CodeIgniter->handleRequest(NULL, Object(Config\Cache), false)
#6 C:\laragon\www\fcommefleurs\public\index.php(37): CodeIgniter\CodeIgniter->run()
#7 C:\laragon\www\fcommefleurs\system\Commands\Server\rewrite.php(43): require_once('C:\\laragon\\www\\...')
#8 {main}
CRITICAL - 2022-08-02 06:12:28 --> Invalid file: x.php
#0 C:\laragon\www\fcommefleurs\system\View\View.php(198): CodeIgniter\Exceptions\FrameworkException::forInvalidFile('x.php')
#1 C:\laragon\www\fcommefleurs\system\Common.php(1089): CodeIgniter\View\View->render('x', Array, true)
#2 C:\laragon\www\fcommefleurs\app\Controllers\Home.php(24): view('x', Array)
#3 C:\laragon\www\fcommefleurs\system\CodeIgniter.php(832): App\Controllers\Home->index()
#4 C:\laragon\www\fcommefleurs\system\CodeIgniter.php(419): CodeIgniter\CodeIgniter->runController(Object(App\Controllers\Home))
#5 C:\laragon\www\fcommefleurs\system\CodeIgniter.php(326): CodeIgniter\CodeIgniter->handleRequest(NULL, Object(Config\Cache), false)
#6 C:\laragon\www\fcommefleurs\public\index.php(37): CodeIgniter\CodeIgniter->run()
#7 C:\laragon\www\fcommefleurs\system\Commands\Server\rewrite.php(43): require_once('C:\\laragon\\www\\...')
#8 {main}
CRITICAL - 2022-08-02 06:12:50 --> Invalid file: x.php
#0 C:\laragon\www\fcommefleurs\system\View\View.php(198): CodeIgniter\Exceptions\FrameworkException::forInvalidFile('x.php')
#1 C:\laragon\www\fcommefleurs\system\Common.php(1089): CodeIgniter\View\View->render('x', Array, true)
#2 C:\laragon\www\fcommefleurs\app\Controllers\Home.php(19): view('x', Array)
#3 C:\laragon\www\fcommefleurs\system\CodeIgniter.php(832): App\Controllers\Home->index()
#4 C:\laragon\www\fcommefleurs\system\CodeIgniter.php(419): CodeIgniter\CodeIgniter->runController(Object(App\Controllers\Home))
#5 C:\laragon\www\fcommefleurs\system\CodeIgniter.php(326): CodeIgniter\CodeIgniter->handleRequest(NULL, Object(Config\Cache), false)
#6 C:\laragon\www\fcommefleurs\public\index.php(37): CodeIgniter\CodeIgniter->run()
#7 C:\laragon\www\fcommefleurs\system\Commands\Server\rewrite.php(43): require_once('C:\\laragon\\www\\...')
#8 {main}
CRITICAL - 2022-08-02 06:12:51 --> Invalid file: x.php
#0 C:\laragon\www\fcommefleurs\system\View\View.php(198): CodeIgniter\Exceptions\FrameworkException::forInvalidFile('x.php')
#1 C:\laragon\www\fcommefleurs\system\Common.php(1089): CodeIgniter\View\View->render('x', Array, true)
#2 C:\laragon\www\fcommefleurs\app\Controllers\Home.php(19): view('x', Array)
#3 C:\laragon\www\fcommefleurs\system\CodeIgniter.php(832): App\Controllers\Home->index()
#4 C:\laragon\www\fcommefleurs\system\CodeIgniter.php(419): CodeIgniter\CodeIgniter->runController(Object(App\Controllers\Home))
#5 C:\laragon\www\fcommefleurs\system\CodeIgniter.php(326): CodeIgniter\CodeIgniter->handleRequest(NULL, Object(Config\Cache), false)
#6 C:\laragon\www\fcommefleurs\public\index.php(37): CodeIgniter\CodeIgniter->run()
#7 C:\laragon\www\fcommefleurs\system\Commands\Server\rewrite.php(43): require_once('C:\\laragon\\www\\...')
#8 {main}
CRITICAL - 2022-08-02 06:29:34 --> Call to a member function getNom() on null
#0 C:\laragon\www\fcommefleurs\system\View\View.php(210): include()
#1 C:\laragon\www\fcommefleurs\system\View\View.php(213): CodeIgniter\View\View->CodeIgniter\View\{closure}()
#2 C:\laragon\www\fcommefleurs\system\Common.php(1089): CodeIgniter\View\View->render('contact', Array, true)
#3 C:\laragon\www\fcommefleurs\app\Controllers\Contact.php(14): view('contact', Array)
#4 C:\laragon\www\fcommefleurs\system\CodeIgniter.php(832): App\Controllers\Contact->index()
#5 C:\laragon\www\fcommefleurs\system\CodeIgniter.php(419): CodeIgniter\CodeIgniter->runController(Object(App\Controllers\Contact))
#6 C:\laragon\www\fcommefleurs\system\CodeIgniter.php(326): CodeIgniter\CodeIgniter->handleRequest(NULL, Object(Config\Cache), false)
#7 C:\laragon\www\fcommefleurs\public\index.php(37): CodeIgniter\CodeIgniter->run()
#8 C:\laragon\www\fcommefleurs\system\Commands\Server\rewrite.php(43): require_once('C:\\laragon\\www\\...')
#9 {main}
