CRITICAL - 2022-06-01 05:31:47 --> Cannot use object of type mysqli as array
#0 C:\Users\sebwa\Desktop\codeigniter4-CodeIgniter4-v4.1.9-0-g202f41a\rose_ecarlate_codeigniter4\app\Helpers\produit_helper.php(10): transformItemToObject(Object(mysqli))
#1 C:\Users\sebwa\Desktop\codeigniter4-CodeIgniter4-v4.1.9-0-g202f41a\rose_ecarlate_codeigniter4\app\Controllers\Home.php(18): transformItemsToObjects(Object(CodeIgniter\Database\MySQLi\Result))
#2 C:\Users\sebwa\Desktop\codeigniter4-CodeIgniter4-v4.1.9-0-g202f41a\rose_ecarlate_codeigniter4\system\CodeIgniter.php(832): App\Controllers\Home->index()
#3 C:\Users\sebwa\Desktop\codeigniter4-CodeIgniter4-v4.1.9-0-g202f41a\rose_ecarlate_codeigniter4\system\CodeIgniter.php(419): CodeIgniter\CodeIgniter->runController(Object(App\Controllers\Home))
#4 C:\Users\sebwa\Desktop\codeigniter4-CodeIgniter4-v4.1.9-0-g202f41a\rose_ecarlate_codeigniter4\system\CodeIgniter.php(326): CodeIgniter\CodeIgniter->handleRequest(NULL, Object(Config\Cache), false)
#5 C:\Users\sebwa\Desktop\codeigniter4-CodeIgniter4-v4.1.9-0-g202f41a\rose_ecarlate_codeigniter4\public\index.php(37): CodeIgniter\CodeIgniter->run()
#6 C:\Users\sebwa\Desktop\codeigniter4-CodeIgniter4-v4.1.9-0-g202f41a\rose_ecarlate_codeigniter4\system\Commands\Server\rewrite.php(43): require_once('C:\\Users\\sebwa\\...')
#7 {main}
CRITICAL - 2022-06-01 05:36:17 --> Cannot use object of type stdClass as array
#0 C:\Users\sebwa\Desktop\codeigniter4-CodeIgniter4-v4.1.9-0-g202f41a\rose_ecarlate_codeigniter4\app\Helpers\produit_helper.php(10): transformItemToObject(Object(stdClass))
#1 C:\Users\sebwa\Desktop\codeigniter4-CodeIgniter4-v4.1.9-0-g202f41a\rose_ecarlate_codeigniter4\app\Controllers\Home.php(18): transformItemsToObjects(Array)
#2 C:\Users\sebwa\Desktop\codeigniter4-CodeIgniter4-v4.1.9-0-g202f41a\rose_ecarlate_codeigniter4\system\CodeIgniter.php(832): App\Controllers\Home->index()
#3 C:\Users\sebwa\Desktop\codeigniter4-CodeIgniter4-v4.1.9-0-g202f41a\rose_ecarlate_codeigniter4\system\CodeIgniter.php(419): CodeIgniter\CodeIgniter->runController(Object(App\Controllers\Home))
#4 C:\Users\sebwa\Desktop\codeigniter4-CodeIgniter4-v4.1.9-0-g202f41a\rose_ecarlate_codeigniter4\system\CodeIgniter.php(326): CodeIgniter\CodeIgniter->handleRequest(NULL, Object(Config\Cache), false)
#5 C:\Users\sebwa\Desktop\codeigniter4-CodeIgniter4-v4.1.9-0-g202f41a\rose_ecarlate_codeigniter4\public\index.php(37): CodeIgniter\CodeIgniter->run()
#6 C:\Users\sebwa\Desktop\codeigniter4-CodeIgniter4-v4.1.9-0-g202f41a\rose_ecarlate_codeigniter4\system\Commands\Server\rewrite.php(43): require_once('C:\\Users\\sebwa\\...')
#7 {main}
CRITICAL - 2022-06-01 05:36:45 --> Cannot use object of type stdClass as array
#0 C:\Users\sebwa\Desktop\codeigniter4-CodeIgniter4-v4.1.9-0-g202f41a\rose_ecarlate_codeigniter4\app\Helpers\produit_helper.php(10): transformItemToObject(Object(stdClass))
#1 C:\Users\sebwa\Desktop\codeigniter4-CodeIgniter4-v4.1.9-0-g202f41a\rose_ecarlate_codeigniter4\app\Controllers\Home.php(18): transformItemsToObjects(Array)
#2 C:\Users\sebwa\Desktop\codeigniter4-CodeIgniter4-v4.1.9-0-g202f41a\rose_ecarlate_codeigniter4\system\CodeIgniter.php(832): App\Controllers\Home->index()
#3 C:\Users\sebwa\Desktop\codeigniter4-CodeIgniter4-v4.1.9-0-g202f41a\rose_ecarlate_codeigniter4\system\CodeIgniter.php(419): CodeIgniter\CodeIgniter->runController(Object(App\Controllers\Home))
#4 C:\Users\sebwa\Desktop\codeigniter4-CodeIgniter4-v4.1.9-0-g202f41a\rose_ecarlate_codeigniter4\system\CodeIgniter.php(326): CodeIgniter\CodeIgniter->handleRequest(NULL, Object(Config\Cache), false)
#5 C:\Users\sebwa\Desktop\codeigniter4-CodeIgniter4-v4.1.9-0-g202f41a\rose_ecarlate_codeigniter4\public\index.php(37): CodeIgniter\CodeIgniter->run()
#6 C:\Users\sebwa\Desktop\codeigniter4-CodeIgniter4-v4.1.9-0-g202f41a\rose_ecarlate_codeigniter4\system\Commands\Server\rewrite.php(43): require_once('C:\\Users\\sebwa\\...')
#7 {main}
CRITICAL - 2022-06-01 05:38:43 --> Cannot use object of type stdClass as array
#0 C:\Users\sebwa\Desktop\codeigniter4-CodeIgniter4-v4.1.9-0-g202f41a\rose_ecarlate_codeigniter4\app\Helpers\produit_helper.php(10): transformItemToObject(Object(stdClass))
#1 C:\Users\sebwa\Desktop\codeigniter4-CodeIgniter4-v4.1.9-0-g202f41a\rose_ecarlate_codeigniter4\app\Controllers\Home.php(18): transformItemsToObjects(Array)
#2 C:\Users\sebwa\Desktop\codeigniter4-CodeIgniter4-v4.1.9-0-g202f41a\rose_ecarlate_codeigniter4\system\CodeIgniter.php(832): App\Controllers\Home->index()
#3 C:\Users\sebwa\Desktop\codeigniter4-CodeIgniter4-v4.1.9-0-g202f41a\rose_ecarlate_codeigniter4\system\CodeIgniter.php(419): CodeIgniter\CodeIgniter->runController(Object(App\Controllers\Home))
#4 C:\Users\sebwa\Desktop\codeigniter4-CodeIgniter4-v4.1.9-0-g202f41a\rose_ecarlate_codeigniter4\system\CodeIgniter.php(326): CodeIgniter\CodeIgniter->handleRequest(NULL, Object(Config\Cache), false)
#5 C:\Users\sebwa\Desktop\codeigniter4-CodeIgniter4-v4.1.9-0-g202f41a\rose_ecarlate_codeigniter4\public\index.php(37): CodeIgniter\CodeIgniter->run()
#6 C:\Users\sebwa\Desktop\codeigniter4-CodeIgniter4-v4.1.9-0-g202f41a\rose_ecarlate_codeigniter4\system\Commands\Server\rewrite.php(43): require_once('C:\\Users\\sebwa\\...')
#7 {main}
CRITICAL - 2022-06-01 05:39:24 --> Argument 1 passed to App\Entities\Image::setImage_id() must be of the type int, null given, called in C:\Users\sebwa\Desktop\codeigniter4-CodeIgniter4-v4.1.9-0-g202f41a\rose_ecarlate_codeigniter4\app\Helpers\produit_helper.php on line 21
#0 C:\Users\sebwa\Desktop\codeigniter4-CodeIgniter4-v4.1.9-0-g202f41a\rose_ecarlate_codeigniter4\app\Helpers\produit_helper.php(21): App\Entities\Image->setImage_id(NULL)
#1 C:\Users\sebwa\Desktop\codeigniter4-CodeIgniter4-v4.1.9-0-g202f41a\rose_ecarlate_codeigniter4\app\Helpers\produit_helper.php(10): transformItemToObject(Array)
#2 C:\Users\sebwa\Desktop\codeigniter4-CodeIgniter4-v4.1.9-0-g202f41a\rose_ecarlate_codeigniter4\app\Controllers\Home.php(18): transformItemsToObjects(Array)
#3 C:\Users\sebwa\Desktop\codeigniter4-CodeIgniter4-v4.1.9-0-g202f41a\rose_ecarlate_codeigniter4\system\CodeIgniter.php(832): App\Controllers\Home->index()
#4 C:\Users\sebwa\Desktop\codeigniter4-CodeIgniter4-v4.1.9-0-g202f41a\rose_ecarlate_codeigniter4\system\CodeIgniter.php(419): CodeIgniter\CodeIgniter->runController(Object(App\Controllers\Home))
#5 C:\Users\sebwa\Desktop\codeigniter4-CodeIgniter4-v4.1.9-0-g202f41a\rose_ecarlate_codeigniter4\system\CodeIgniter.php(326): CodeIgniter\CodeIgniter->handleRequest(NULL, Object(Config\Cache), false)
#6 C:\Users\sebwa\Desktop\codeigniter4-CodeIgniter4-v4.1.9-0-g202f41a\rose_ecarlate_codeigniter4\public\index.php(37): CodeIgniter\CodeIgniter->run()
#7 C:\Users\sebwa\Desktop\codeigniter4-CodeIgniter4-v4.1.9-0-g202f41a\rose_ecarlate_codeigniter4\system\Commands\Server\rewrite.php(43): require_once('C:\\Users\\sebwa\\...')
#8 {main}
CRITICAL - 2022-06-01 06:43:00 --> syntax error, unexpected end of file, expecting function (T_FUNCTION) or const (T_CONST)
#0 C:\Users\sebwa\Desktop\codeigniter4-CodeIgniter4-v4.1.9-0-g202f41a\rose_ecarlate_codeigniter4\system\Router\Router.php(175): CodeIgniter\Router\Router->autoRoute('connexion/conne...')
#1 C:\Users\sebwa\Desktop\codeigniter4-CodeIgniter4-v4.1.9-0-g202f41a\rose_ecarlate_codeigniter4\system\CodeIgniter.php(726): CodeIgniter\Router\Router->handle('connexion/conne...')
#2 C:\Users\sebwa\Desktop\codeigniter4-CodeIgniter4-v4.1.9-0-g202f41a\rose_ecarlate_codeigniter4\system\CodeIgniter.php(368): CodeIgniter\CodeIgniter->tryToRouteIt(Object(CodeIgniter\Router\RouteCollection))
#3 C:\Users\sebwa\Desktop\codeigniter4-CodeIgniter4-v4.1.9-0-g202f41a\rose_ecarlate_codeigniter4\system\CodeIgniter.php(326): CodeIgniter\CodeIgniter->handleRequest(NULL, Object(Config\Cache), false)
#4 C:\Users\sebwa\Desktop\codeigniter4-CodeIgniter4-v4.1.9-0-g202f41a\rose_ecarlate_codeigniter4\public\index.php(37): CodeIgniter\CodeIgniter->run()
#5 C:\Users\sebwa\Desktop\codeigniter4-CodeIgniter4-v4.1.9-0-g202f41a\rose_ecarlate_codeigniter4\system\Commands\Server\rewrite.php(43): require_once('C:\\Users\\sebwa\\...')
#6 {main}
CRITICAL - 2022-06-01 06:48:43 --> syntax error, unexpected end of file, expecting function (T_FUNCTION) or const (T_CONST)
#0 C:\Users\sebwa\Desktop\codeigniter4-CodeIgniter4-v4.1.9-0-g202f41a\rose_ecarlate_codeigniter4\system\Router\Router.php(175): CodeIgniter\Router\Router->autoRoute('connexion/conne...')
#1 C:\Users\sebwa\Desktop\codeigniter4-CodeIgniter4-v4.1.9-0-g202f41a\rose_ecarlate_codeigniter4\system\CodeIgniter.php(726): CodeIgniter\Router\Router->handle('connexion/conne...')
#2 C:\Users\sebwa\Desktop\codeigniter4-CodeIgniter4-v4.1.9-0-g202f41a\rose_ecarlate_codeigniter4\system\CodeIgniter.php(368): CodeIgniter\CodeIgniter->tryToRouteIt(Object(CodeIgniter\Router\RouteCollection))
#3 C:\Users\sebwa\Desktop\codeigniter4-CodeIgniter4-v4.1.9-0-g202f41a\rose_ecarlate_codeigniter4\system\CodeIgniter.php(326): CodeIgniter\CodeIgniter->handleRequest(NULL, Object(Config\Cache), false)
#4 C:\Users\sebwa\Desktop\codeigniter4-CodeIgniter4-v4.1.9-0-g202f41a\rose_ecarlate_codeigniter4\public\index.php(37): CodeIgniter\CodeIgniter->run()
#5 C:\Users\sebwa\Desktop\codeigniter4-CodeIgniter4-v4.1.9-0-g202f41a\rose_ecarlate_codeigniter4\system\Commands\Server\rewrite.php(43): require_once('C:\\Users\\sebwa\\...')
#6 {main}
