CRITICAL - 2022-07-26 12:05:50 --> Invalid file: home.php
#0 C:\laragon\www\fcommefleurs\system\View\View.php(198): CodeIgniter\Exceptions\FrameworkException::forInvalidFile('home.php')
#1 C:\laragon\www\fcommefleurs\system\Common.php(1089): CodeIgniter\View\View->render('home', Array, true)
#2 C:\laragon\www\fcommefleurs\app\Controllers\Home.php(19): view('home', Array)
#3 C:\laragon\www\fcommefleurs\system\CodeIgniter.php(832): App\Controllers\Home->index()
#4 C:\laragon\www\fcommefleurs\system\CodeIgniter.php(419): CodeIgniter\CodeIgniter->runController(Object(App\Controllers\Home))
#5 C:\laragon\www\fcommefleurs\system\CodeIgniter.php(326): CodeIgniter\CodeIgniter->handleRequest(NULL, Object(Config\Cache), false)
#6 C:\laragon\www\fcommefleurs\public\index.php(37): CodeIgniter\CodeIgniter->run()
#7 C:\laragon\www\fcommefleurs\system\Commands\Server\rewrite.php(43): require_once('C:\\laragon\\www\\...')
#8 {main}
CRITICAL - 2022-07-26 12:06:42 --> Invalid file: home.php
#0 C:\laragon\www\fcommefleurs\system\View\View.php(198): CodeIgniter\Exceptions\FrameworkException::forInvalidFile('home.php')
#1 C:\laragon\www\fcommefleurs\system\Common.php(1089): CodeIgniter\View\View->render('home', Array, true)
#2 C:\laragon\www\fcommefleurs\app\Controllers\Home.php(19): view('home', Array)
#3 C:\laragon\www\fcommefleurs\system\CodeIgniter.php(832): App\Controllers\Home->index()
#4 C:\laragon\www\fcommefleurs\system\CodeIgniter.php(419): CodeIgniter\CodeIgniter->runController(Object(App\Controllers\Home))
#5 C:\laragon\www\fcommefleurs\system\CodeIgniter.php(326): CodeIgniter\CodeIgniter->handleRequest(NULL, Object(Config\Cache), false)
#6 C:\laragon\www\fcommefleurs\public\index.php(37): CodeIgniter\CodeIgniter->run()
#7 C:\laragon\www\fcommefleurs\system\Commands\Server\rewrite.php(43): require_once('C:\\laragon\\www\\...')
#8 {main}
CRITICAL - 2022-07-26 12:06:48 --> Invalid file: home.php
#0 C:\laragon\www\fcommefleurs\system\View\View.php(198): CodeIgniter\Exceptions\FrameworkException::forInvalidFile('home.php')
#1 C:\laragon\www\fcommefleurs\system\Common.php(1089): CodeIgniter\View\View->render('home', Array, true)
#2 C:\laragon\www\fcommefleurs\app\Controllers\Home.php(19): view('home', Array)
#3 C:\laragon\www\fcommefleurs\system\CodeIgniter.php(832): App\Controllers\Home->index()
#4 C:\laragon\www\fcommefleurs\system\CodeIgniter.php(419): CodeIgniter\CodeIgniter->runController(Object(App\Controllers\Home))
#5 C:\laragon\www\fcommefleurs\system\CodeIgniter.php(326): CodeIgniter\CodeIgniter->handleRequest(NULL, Object(Config\Cache), false)
#6 C:\laragon\www\fcommefleurs\public\index.php(37): CodeIgniter\CodeIgniter->run()
#7 C:\laragon\www\fcommefleurs\system\Commands\Server\rewrite.php(43): require_once('C:\\laragon\\www\\...')
#8 {main}
CRITICAL - 2022-07-26 12:07:15 --> Invalid file: home.php
#0 C:\laragon\www\fcommefleurs\system\View\View.php(198): CodeIgniter\Exceptions\FrameworkException::forInvalidFile('home.php')
#1 C:\laragon\www\fcommefleurs\system\Common.php(1089): CodeIgniter\View\View->render('home', Array, true)
#2 C:\laragon\www\fcommefleurs\app\Controllers\Home.php(19): view('home', Array)
#3 C:\laragon\www\fcommefleurs\system\CodeIgniter.php(832): App\Controllers\Home->index()
#4 C:\laragon\www\fcommefleurs\system\CodeIgniter.php(419): CodeIgniter\CodeIgniter->runController(Object(App\Controllers\Home))
#5 C:\laragon\www\fcommefleurs\system\CodeIgniter.php(326): CodeIgniter\CodeIgniter->handleRequest(NULL, Object(Config\Cache), false)
#6 C:\laragon\www\fcommefleurs\public\index.php(37): CodeIgniter\CodeIgniter->run()
#7 C:\laragon\www\fcommefleurs\system\Commands\Server\rewrite.php(43): require_once('C:\\laragon\\www\\...')
#8 {main}
CRITICAL - 2022-07-26 12:08:18 --> Call to a member function getNom() on null
#0 C:\laragon\www\fcommefleurs\system\View\View.php(210): include()
#1 C:\laragon\www\fcommefleurs\system\View\View.php(213): CodeIgniter\View\View->CodeIgniter\View\{closure}()
#2 C:\laragon\www\fcommefleurs\system\Common.php(1089): CodeIgniter\View\View->render('contact', Array, true)
#3 C:\laragon\www\fcommefleurs\app\Controllers\Contact.php(14): view('contact', Array)
#4 C:\laragon\www\fcommefleurs\system\CodeIgniter.php(832): App\Controllers\Contact->index()
#5 C:\laragon\www\fcommefleurs\system\CodeIgniter.php(419): CodeIgniter\CodeIgniter->runController(Object(App\Controllers\Contact))
#6 C:\laragon\www\fcommefleurs\system\CodeIgniter.php(326): CodeIgniter\CodeIgniter->handleRequest(NULL, Object(Config\Cache), false)
#7 C:\laragon\www\fcommefleurs\public\index.php(37): CodeIgniter\CodeIgniter->run()
#8 C:\laragon\www\fcommefleurs\system\Commands\Server\rewrite.php(43): require_once('C:\\laragon\\www\\...')
#9 {main}
CRITICAL - 2022-07-26 12:08:51 --> Invalid file: home.php
#0 C:\laragon\www\fcommefleurs\system\View\View.php(198): CodeIgniter\Exceptions\FrameworkException::forInvalidFile('home.php')
#1 C:\laragon\www\fcommefleurs\system\Common.php(1089): CodeIgniter\View\View->render('home', Array, true)
#2 C:\laragon\www\fcommefleurs\app\Controllers\Home.php(19): view('home', Array)
#3 C:\laragon\www\fcommefleurs\system\CodeIgniter.php(832): App\Controllers\Home->index()
#4 C:\laragon\www\fcommefleurs\system\CodeIgniter.php(419): CodeIgniter\CodeIgniter->runController(Object(App\Controllers\Home))
#5 C:\laragon\www\fcommefleurs\system\CodeIgniter.php(326): CodeIgniter\CodeIgniter->handleRequest(NULL, Object(Config\Cache), false)
#6 C:\laragon\www\fcommefleurs\public\index.php(37): CodeIgniter\CodeIgniter->run()
#7 C:\laragon\www\fcommefleurs\system\Commands\Server\rewrite.php(43): require_once('C:\\laragon\\www\\...')
#8 {main}
CRITICAL - 2022-07-26 12:09:26 --> Call to undefined method App\Entities\Produit::getImage_id()
#0 C:\laragon\www\fcommefleurs\system\View\View.php(210): include()
#1 C:\laragon\www\fcommefleurs\system\View\View.php(213): CodeIgniter\View\View->CodeIgniter\View\{closure}()
#2 C:\laragon\www\fcommefleurs\system\Common.php(1089): CodeIgniter\View\View->render('accueil', Array, true)
#3 C:\laragon\www\fcommefleurs\app\Controllers\Home.php(19): view('accueil', Array)
#4 C:\laragon\www\fcommefleurs\system\CodeIgniter.php(832): App\Controllers\Home->index()
#5 C:\laragon\www\fcommefleurs\system\CodeIgniter.php(419): CodeIgniter\CodeIgniter->runController(Object(App\Controllers\Home))
#6 C:\laragon\www\fcommefleurs\system\CodeIgniter.php(326): CodeIgniter\CodeIgniter->handleRequest(NULL, Object(Config\Cache), false)
#7 C:\laragon\www\fcommefleurs\public\index.php(37): CodeIgniter\CodeIgniter->run()
#8 C:\laragon\www\fcommefleurs\system\Commands\Server\rewrite.php(43): require_once('C:\\laragon\\www\\...')
#9 {main}
