CRITICAL - 2022-09-09 10:21:57 --> Call to undefined function App\Controllers\transformItemsToObjects()
#0 C:\laragon\www\workspace\fcommefleurs\system\CodeIgniter.php(832): App\Controllers\Messages->delete('15')
#1 C:\laragon\www\workspace\fcommefleurs\system\CodeIgniter.php(419): CodeIgniter\CodeIgniter->runController(Object(App\Controllers\Messages))
#2 C:\laragon\www\workspace\fcommefleurs\system\CodeIgniter.php(326): CodeIgniter\CodeIgniter->handleRequest(NULL, Object(Config\Cache), false)
#3 C:\laragon\www\workspace\fcommefleurs\public\index.php(37): CodeIgniter\CodeIgniter->run()
#4 C:\laragon\www\workspace\fcommefleurs\system\Commands\Server\rewrite.php(43): require_once('C:\\laragon\\www\\...')
#5 {main}
ERROR - 2022-09-09 11:55:51 --> Table 'rose_ecarlate.product' doesn't exist
CRITICAL - 2022-09-09 11:55:51 --> Call to a member function getResultArray() on bool
#0 C:\laragon\www\workspace\fcommefleurs\app\Controllers\Home.php(18): App\Models\ProductModel->getProduct()
#1 C:\laragon\www\workspace\fcommefleurs\system\CodeIgniter.php(832): App\Controllers\Home->index()
#2 C:\laragon\www\workspace\fcommefleurs\system\CodeIgniter.php(419): CodeIgniter\CodeIgniter->runController(Object(App\Controllers\Home))
#3 C:\laragon\www\workspace\fcommefleurs\system\CodeIgniter.php(326): CodeIgniter\CodeIgniter->handleRequest(NULL, Object(Config\Cache), false)
#4 C:\laragon\www\workspace\fcommefleurs\public\index.php(37): CodeIgniter\CodeIgniter->run()
#5 C:\laragon\www\workspace\fcommefleurs\system\Commands\Server\rewrite.php(43): require_once('C:\\laragon\\www\\...')
#6 {main}
CRITICAL - 2022-09-09 11:56:21 --> Call to undefined function App\Controllers\transformItemsToObjects()
#0 C:\laragon\www\workspace\fcommefleurs\system\CodeIgniter.php(832): App\Controllers\User->admin()
#1 C:\laragon\www\workspace\fcommefleurs\system\CodeIgniter.php(419): CodeIgniter\CodeIgniter->runController(Object(App\Controllers\User))
#2 C:\laragon\www\workspace\fcommefleurs\system\CodeIgniter.php(326): CodeIgniter\CodeIgniter->handleRequest(NULL, Object(Config\Cache), false)
#3 C:\laragon\www\workspace\fcommefleurs\public\index.php(37): CodeIgniter\CodeIgniter->run()
#4 C:\laragon\www\workspace\fcommefleurs\system\Commands\Server\rewrite.php(43): require_once('C:\\laragon\\www\\...')
#5 {main}
ERROR - 2022-09-09 12:00:19 --> You have an error in your SQL syntax; check the manual that corresponds to your MySQL server version for the right syntax to use near ':0:
AND 1 = :1:' at line 3
CRITICAL - 2022-09-09 12:00:19 --> Call to a member function getRowObject() on bool
#0 C:\laragon\www\workspace\fcommefleurs\app\Controllers\User.php(33): App\Models\UserModel->getUser(NULL, Array)
#1 C:\laragon\www\workspace\fcommefleurs\system\CodeIgniter.php(832): App\Controllers\User->admin()
#2 C:\laragon\www\workspace\fcommefleurs\system\CodeIgniter.php(419): CodeIgniter\CodeIgniter->runController(Object(App\Controllers\User))
#3 C:\laragon\www\workspace\fcommefleurs\system\CodeIgniter.php(326): CodeIgniter\CodeIgniter->handleRequest(NULL, Object(Config\Cache), false)
#4 C:\laragon\www\workspace\fcommefleurs\public\index.php(37): CodeIgniter\CodeIgniter->run()
#5 C:\laragon\www\workspace\fcommefleurs\system\Commands\Server\rewrite.php(43): require_once('C:\\laragon\\www\\...')
#6 {main}
ERROR - 2022-09-09 12:02:31 --> You have an error in your SQL syntax; check the manual that corresponds to your MySQL server version for the right syntax to use near ':0:
AND 1 = :1:' at line 3
CRITICAL - 2022-09-09 12:02:31 --> Call to a member function getResultArray() on bool
#0 C:\laragon\www\workspace\fcommefleurs\app\Controllers\User.php(33): App\Models\UserModel->getUser(NULL, Array)
#1 C:\laragon\www\workspace\fcommefleurs\system\CodeIgniter.php(832): App\Controllers\User->admin()
#2 C:\laragon\www\workspace\fcommefleurs\system\CodeIgniter.php(419): CodeIgniter\CodeIgniter->runController(Object(App\Controllers\User))
#3 C:\laragon\www\workspace\fcommefleurs\system\CodeIgniter.php(326): CodeIgniter\CodeIgniter->handleRequest(NULL, Object(Config\Cache), false)
#4 C:\laragon\www\workspace\fcommefleurs\public\index.php(37): CodeIgniter\CodeIgniter->run()
#5 C:\laragon\www\workspace\fcommefleurs\system\Commands\Server\rewrite.php(43): require_once('C:\\laragon\\www\\...')
#6 {main}
CRITICAL - 2022-09-09 12:04:41 --> Invalid argument supplied for foreach()
#0 C:\laragon\www\workspace\fcommefleurs\app\Helpers\user_helper.php(8): CodeIgniter\Debug\Exceptions->errorHandler(2, 'Invalid argumen...', 'C:\\laragon\\www\\...', 8, Array)
#1 C:\laragon\www\workspace\fcommefleurs\app\Controllers\User.php(33): transformItemsToObjects('SELECT *\nFROM `...')
#2 C:\laragon\www\workspace\fcommefleurs\system\CodeIgniter.php(832): App\Controllers\User->admin()
#3 C:\laragon\www\workspace\fcommefleurs\system\CodeIgniter.php(419): CodeIgniter\CodeIgniter->runController(Object(App\Controllers\User))
#4 C:\laragon\www\workspace\fcommefleurs\system\CodeIgniter.php(326): CodeIgniter\CodeIgniter->handleRequest(NULL, Object(Config\Cache), false)
#5 C:\laragon\www\workspace\fcommefleurs\public\index.php(37): CodeIgniter\CodeIgniter->run()
#6 C:\laragon\www\workspace\fcommefleurs\system\Commands\Server\rewrite.php(43): require_once('C:\\laragon\\www\\...')
#7 {main}
CRITICAL - 2022-09-09 12:05:32 --> Invalid argument supplied for foreach()
#0 C:\laragon\www\workspace\fcommefleurs\app\Helpers\user_helper.php(8): CodeIgniter\Debug\Exceptions->errorHandler(2, 'Invalid argumen...', 'C:\\laragon\\www\\...', 8, Array)
#1 C:\laragon\www\workspace\fcommefleurs\app\Controllers\User.php(33): transformItemsToObjects('SELECT *\nFROM `...')
#2 C:\laragon\www\workspace\fcommefleurs\system\CodeIgniter.php(832): App\Controllers\User->admin()
#3 C:\laragon\www\workspace\fcommefleurs\system\CodeIgniter.php(419): CodeIgniter\CodeIgniter->runController(Object(App\Controllers\User))
#4 C:\laragon\www\workspace\fcommefleurs\system\CodeIgniter.php(326): CodeIgniter\CodeIgniter->handleRequest(NULL, Object(Config\Cache), false)
#5 C:\laragon\www\workspace\fcommefleurs\public\index.php(37): CodeIgniter\CodeIgniter->run()
#6 C:\laragon\www\workspace\fcommefleurs\system\Commands\Server\rewrite.php(43): require_once('C:\\laragon\\www\\...')
#7 {main}
CRITICAL - 2022-09-09 12:06:32 --> Illegal string offset 'user_id'
#0 C:\laragon\www\workspace\fcommefleurs\app\Helpers\user_helper.php(16): CodeIgniter\Debug\Exceptions->errorHandler(2, 'Illegal string ...', 'C:\\laragon\\www\\...', 16, Array)
#1 C:\laragon\www\workspace\fcommefleurs\app\Helpers\user_helper.php(8): transformItemToObject('5')
#2 C:\laragon\www\workspace\fcommefleurs\app\Controllers\User.php(33): transformItemsToObjects(Object(stdClass))
#3 C:\laragon\www\workspace\fcommefleurs\system\CodeIgniter.php(832): App\Controllers\User->admin()
#4 C:\laragon\www\workspace\fcommefleurs\system\CodeIgniter.php(419): CodeIgniter\CodeIgniter->runController(Object(App\Controllers\User))
#5 C:\laragon\www\workspace\fcommefleurs\system\CodeIgniter.php(326): CodeIgniter\CodeIgniter->handleRequest(NULL, Object(Config\Cache), false)
#6 C:\laragon\www\workspace\fcommefleurs\public\index.php(37): CodeIgniter\CodeIgniter->run()
#7 C:\laragon\www\workspace\fcommefleurs\system\Commands\Server\rewrite.php(43): require_once('C:\\laragon\\www\\...')
#8 {main}
CRITICAL - 2022-09-09 12:06:49 --> Illegal string offset 'user_id'
#0 C:\laragon\www\workspace\fcommefleurs\app\Helpers\user_helper.php(17): CodeIgniter\Debug\Exceptions->errorHandler(2, 'Illegal string ...', 'C:\\laragon\\www\\...', 17, Array)
#1 C:\laragon\www\workspace\fcommefleurs\app\Helpers\user_helper.php(9): transformItemToObject('5')
#2 C:\laragon\www\workspace\fcommefleurs\app\Controllers\User.php(33): transformItemsToObjects(Object(stdClass))
#3 C:\laragon\www\workspace\fcommefleurs\system\CodeIgniter.php(832): App\Controllers\User->admin()
#4 C:\laragon\www\workspace\fcommefleurs\system\CodeIgniter.php(419): CodeIgniter\CodeIgniter->runController(Object(App\Controllers\User))
#5 C:\laragon\www\workspace\fcommefleurs\system\CodeIgniter.php(326): CodeIgniter\CodeIgniter->handleRequest(NULL, Object(Config\Cache), false)
#6 C:\laragon\www\workspace\fcommefleurs\public\index.php(37): CodeIgniter\CodeIgniter->run()
#7 C:\laragon\www\workspace\fcommefleurs\system\Commands\Server\rewrite.php(43): require_once('C:\\laragon\\www\\...')
#8 {main}
CRITICAL - 2022-09-09 12:07:47 --> Call to undefined method stdClass::getNom()
#0 C:\laragon\www\workspace\fcommefleurs\system\View\View.php(210): include()
#1 C:\laragon\www\workspace\fcommefleurs\system\View\View.php(213): CodeIgniter\View\View->CodeIgniter\View\{closure}()
#2 C:\laragon\www\workspace\fcommefleurs\system\Common.php(1089): CodeIgniter\View\View->render('admin/admin_lis...', Array, true)
#3 C:\laragon\www\workspace\fcommefleurs\app\Controllers\User.php(40): view('admin/admin_lis...', Array)
#4 C:\laragon\www\workspace\fcommefleurs\system\CodeIgniter.php(832): App\Controllers\User->admin()
#5 C:\laragon\www\workspace\fcommefleurs\system\CodeIgniter.php(419): CodeIgniter\CodeIgniter->runController(Object(App\Controllers\User))
#6 C:\laragon\www\workspace\fcommefleurs\system\CodeIgniter.php(326): CodeIgniter\CodeIgniter->handleRequest(NULL, Object(Config\Cache), false)
#7 C:\laragon\www\workspace\fcommefleurs\public\index.php(37): CodeIgniter\CodeIgniter->run()
#8 C:\laragon\www\workspace\fcommefleurs\system\Commands\Server\rewrite.php(43): require_once('C:\\laragon\\www\\...')
#9 {main}
CRITICAL - 2022-09-09 12:08:40 --> Call to undefined method stdClass::getNom()
#0 C:\laragon\www\workspace\fcommefleurs\system\View\View.php(210): include()
#1 C:\laragon\www\workspace\fcommefleurs\system\View\View.php(213): CodeIgniter\View\View->CodeIgniter\View\{closure}()
#2 C:\laragon\www\workspace\fcommefleurs\system\Common.php(1089): CodeIgniter\View\View->render('admin/admin_lis...', Array, true)
#3 C:\laragon\www\workspace\fcommefleurs\app\Controllers\User.php(40): view('admin/admin_lis...', Array)
#4 C:\laragon\www\workspace\fcommefleurs\system\CodeIgniter.php(832): App\Controllers\User->admin()
#5 C:\laragon\www\workspace\fcommefleurs\system\CodeIgniter.php(419): CodeIgniter\CodeIgniter->runController(Object(App\Controllers\User))
#6 C:\laragon\www\workspace\fcommefleurs\system\CodeIgniter.php(326): CodeIgniter\CodeIgniter->handleRequest(NULL, Object(Config\Cache), false)
#7 C:\laragon\www\workspace\fcommefleurs\public\index.php(37): CodeIgniter\CodeIgniter->run()
#8 C:\laragon\www\workspace\fcommefleurs\system\Commands\Server\rewrite.php(43): require_once('C:\\laragon\\www\\...')
#9 {main}
CRITICAL - 2022-09-09 12:09:24 --> Call to undefined method stdClass::getPrenom()
#0 C:\laragon\www\workspace\fcommefleurs\system\View\View.php(210): include()
#1 C:\laragon\www\workspace\fcommefleurs\system\View\View.php(213): CodeIgniter\View\View->CodeIgniter\View\{closure}()
#2 C:\laragon\www\workspace\fcommefleurs\system\Common.php(1089): CodeIgniter\View\View->render('admin/admin_lis...', Array, true)
#3 C:\laragon\www\workspace\fcommefleurs\app\Controllers\User.php(40): view('admin/admin_lis...', Array)
#4 C:\laragon\www\workspace\fcommefleurs\system\CodeIgniter.php(832): App\Controllers\User->admin()
#5 C:\laragon\www\workspace\fcommefleurs\system\CodeIgniter.php(419): CodeIgniter\CodeIgniter->runController(Object(App\Controllers\User))
#6 C:\laragon\www\workspace\fcommefleurs\system\CodeIgniter.php(326): CodeIgniter\CodeIgniter->handleRequest(NULL, Object(Config\Cache), false)
#7 C:\laragon\www\workspace\fcommefleurs\public\index.php(37): CodeIgniter\CodeIgniter->run()
#8 C:\laragon\www\workspace\fcommefleurs\system\Commands\Server\rewrite.php(43): require_once('C:\\laragon\\www\\...')
#9 {main}
CRITICAL - 2022-09-09 12:14:33 --> Call to undefined function App\Controllers\transformItemsToObjects()
#0 C:\laragon\www\workspace\fcommefleurs\system\CodeIgniter.php(832): App\Controllers\User->customer()
#1 C:\laragon\www\workspace\fcommefleurs\system\CodeIgniter.php(419): CodeIgniter\CodeIgniter->runController(Object(App\Controllers\User))
#2 C:\laragon\www\workspace\fcommefleurs\system\CodeIgniter.php(326): CodeIgniter\CodeIgniter->handleRequest(NULL, Object(Config\Cache), false)
#3 C:\laragon\www\workspace\fcommefleurs\public\index.php(37): CodeIgniter\CodeIgniter->run()
#4 C:\laragon\www\workspace\fcommefleurs\system\Commands\Server\rewrite.php(43): require_once('C:\\laragon\\www\\...')
#5 {main}
CRITICAL - 2022-09-09 12:23:53 --> Call to undefined function App\Controllers\transformItemsToObjects()
#0 C:\laragon\www\workspace\fcommefleurs\system\CodeIgniter.php(832): App\Controllers\Messages->delete('15')
#1 C:\laragon\www\workspace\fcommefleurs\system\CodeIgniter.php(419): CodeIgniter\CodeIgniter->runController(Object(App\Controllers\Messages))
#2 C:\laragon\www\workspace\fcommefleurs\system\CodeIgniter.php(326): CodeIgniter\CodeIgniter->handleRequest(NULL, Object(Config\Cache), false)
#3 C:\laragon\www\workspace\fcommefleurs\public\index.php(37): CodeIgniter\CodeIgniter->run()
#4 C:\laragon\www\workspace\fcommefleurs\system\Commands\Server\rewrite.php(43): require_once('C:\\laragon\\www\\...')
#5 {main}
CRITICAL - 2022-09-09 12:24:05 --> Call to undefined function App\Controllers\transformItemsToObjects()
#0 C:\laragon\www\workspace\fcommefleurs\system\CodeIgniter.php(832): App\Controllers\Messages->delete('15')
#1 C:\laragon\www\workspace\fcommefleurs\system\CodeIgniter.php(419): CodeIgniter\CodeIgniter->runController(Object(App\Controllers\Messages))
#2 C:\laragon\www\workspace\fcommefleurs\system\CodeIgniter.php(326): CodeIgniter\CodeIgniter->handleRequest(NULL, Object(Config\Cache), false)
#3 C:\laragon\www\workspace\fcommefleurs\public\index.php(37): CodeIgniter\CodeIgniter->run()
#4 C:\laragon\www\workspace\fcommefleurs\system\Commands\Server\rewrite.php(43): require_once('C:\\laragon\\www\\...')
#5 {main}
CRITICAL - 2022-09-09 12:25:19 --> Too few arguments to function App\Controllers\Messages::delete(), 0 passed in C:\laragon\www\workspace\fcommefleurs\system\CodeIgniter.php on line 832 and exactly 1 expected
#0 C:\laragon\www\workspace\fcommefleurs\system\CodeIgniter.php(832): App\Controllers\Messages->delete()
#1 C:\laragon\www\workspace\fcommefleurs\system\CodeIgniter.php(419): CodeIgniter\CodeIgniter->runController(Object(App\Controllers\Messages))
#2 C:\laragon\www\workspace\fcommefleurs\system\CodeIgniter.php(326): CodeIgniter\CodeIgniter->handleRequest(NULL, Object(Config\Cache), false)
#3 C:\laragon\www\workspace\fcommefleurs\public\index.php(37): CodeIgniter\CodeIgniter->run()
#4 C:\laragon\www\workspace\fcommefleurs\system\Commands\Server\rewrite.php(43): require_once('C:\\laragon\\www\\...')
#5 {main}
CRITICAL - 2022-09-09 12:25:29 --> Call to undefined function App\Controllers\transformItemsToObjects()
#0 C:\laragon\www\workspace\fcommefleurs\system\CodeIgniter.php(832): App\Controllers\Messages->delete('15')
#1 C:\laragon\www\workspace\fcommefleurs\system\CodeIgniter.php(419): CodeIgniter\CodeIgniter->runController(Object(App\Controllers\Messages))
#2 C:\laragon\www\workspace\fcommefleurs\system\CodeIgniter.php(326): CodeIgniter\CodeIgniter->handleRequest(NULL, Object(Config\Cache), false)
#3 C:\laragon\www\workspace\fcommefleurs\public\index.php(37): CodeIgniter\CodeIgniter->run()
#4 C:\laragon\www\workspace\fcommefleurs\system\Commands\Server\rewrite.php(43): require_once('C:\\laragon\\www\\...')
#5 {main}
ERROR - 2022-09-09 12:29:19 --> Table 'rose_ecarlate.product' doesn't exist
CRITICAL - 2022-09-09 12:29:19 --> Call to a member function getResultArray() on bool
#0 C:\laragon\www\workspace\fcommefleurs\app\Controllers\Home.php(18): App\Models\ProductModel->getProduct()
#1 C:\laragon\www\workspace\fcommefleurs\system\CodeIgniter.php(832): App\Controllers\Home->index()
#2 C:\laragon\www\workspace\fcommefleurs\system\CodeIgniter.php(419): CodeIgniter\CodeIgniter->runController(Object(App\Controllers\Home))
#3 C:\laragon\www\workspace\fcommefleurs\system\CodeIgniter.php(326): CodeIgniter\CodeIgniter->handleRequest(NULL, Object(Config\Cache), false)
#4 C:\laragon\www\workspace\fcommefleurs\public\index.php(37): CodeIgniter\CodeIgniter->run()
#5 C:\laragon\www\workspace\fcommefleurs\system\Commands\Server\rewrite.php(43): require_once('C:\\laragon\\www\\...')
#6 {main}
ERROR - 2022-09-09 12:43:25 --> Table 'rose_ecarlate.product' doesn't exist
CRITICAL - 2022-09-09 12:43:25 --> Call to a member function getResultArray() on bool
#0 C:\laragon\www\workspace\fcommefleurs\app\Controllers\Home.php(18): App\Models\ProductModel->getProduct()
#1 C:\laragon\www\workspace\fcommefleurs\system\CodeIgniter.php(832): App\Controllers\Home->index()
#2 C:\laragon\www\workspace\fcommefleurs\system\CodeIgniter.php(419): CodeIgniter\CodeIgniter->runController(Object(App\Controllers\Home))
#3 C:\laragon\www\workspace\fcommefleurs\system\CodeIgniter.php(326): CodeIgniter\CodeIgniter->handleRequest(NULL, Object(Config\Cache), false)
#4 C:\laragon\www\workspace\fcommefleurs\public\index.php(37): CodeIgniter\CodeIgniter->run()
#5 C:\laragon\www\workspace\fcommefleurs\system\Commands\Server\rewrite.php(43): require_once('C:\\laragon\\www\\...')
#6 {main}
ERROR - 2022-09-09 12:44:30 --> Table 'rose_ecarlate.product' doesn't exist
CRITICAL - 2022-09-09 12:44:30 --> Call to a member function getResultArray() on bool
#0 C:\laragon\www\workspace\fcommefleurs\app\Controllers\Product.php(12): App\Models\ProductModel->getProduct()
#1 C:\laragon\www\workspace\fcommefleurs\system\CodeIgniter.php(832): App\Controllers\Product->index()
#2 C:\laragon\www\workspace\fcommefleurs\system\CodeIgniter.php(419): CodeIgniter\CodeIgniter->runController(Object(App\Controllers\Product))
#3 C:\laragon\www\workspace\fcommefleurs\system\CodeIgniter.php(326): CodeIgniter\CodeIgniter->handleRequest(NULL, Object(Config\Cache), false)
#4 C:\laragon\www\workspace\fcommefleurs\public\index.php(37): CodeIgniter\CodeIgniter->run()
#5 C:\laragon\www\workspace\fcommefleurs\system\Commands\Server\rewrite.php(43): require_once('C:\\laragon\\www\\...')
#6 {main}
ERROR - 2022-09-09 12:45:29 --> Table 'rose_ecarlate.product' doesn't exist
CRITICAL - 2022-09-09 12:45:29 --> Call to a member function getResultArray() on bool
#0 C:\laragon\www\workspace\fcommefleurs\app\Controllers\Home.php(18): App\Models\ProductModel->getProduct()
#1 C:\laragon\www\workspace\fcommefleurs\system\CodeIgniter.php(832): App\Controllers\Home->index()
#2 C:\laragon\www\workspace\fcommefleurs\system\CodeIgniter.php(419): CodeIgniter\CodeIgniter->runController(Object(App\Controllers\Home))
#3 C:\laragon\www\workspace\fcommefleurs\system\CodeIgniter.php(326): CodeIgniter\CodeIgniter->handleRequest(NULL, Object(Config\Cache), false)
#4 C:\laragon\www\workspace\fcommefleurs\public\index.php(37): CodeIgniter\CodeIgniter->run()
#5 C:\laragon\www\workspace\fcommefleurs\system\Commands\Server\rewrite.php(43): require_once('C:\\laragon\\www\\...')
#6 {main}
ERROR - 2022-09-09 12:46:38 --> Table 'rose_ecarlate.product' doesn't exist
CRITICAL - 2022-09-09 12:46:38 --> Call to a member function getResultArray() on bool
#0 C:\laragon\www\workspace\fcommefleurs\app\Controllers\Home.php(18): App\Models\ProductModel->getProduct()
#1 C:\laragon\www\workspace\fcommefleurs\system\CodeIgniter.php(832): App\Controllers\Home->index()
#2 C:\laragon\www\workspace\fcommefleurs\system\CodeIgniter.php(419): CodeIgniter\CodeIgniter->runController(Object(App\Controllers\Home))
#3 C:\laragon\www\workspace\fcommefleurs\system\CodeIgniter.php(326): CodeIgniter\CodeIgniter->handleRequest(NULL, Object(Config\Cache), false)
#4 C:\laragon\www\workspace\fcommefleurs\public\index.php(37): CodeIgniter\CodeIgniter->run()
#5 C:\laragon\www\workspace\fcommefleurs\system\Commands\Server\rewrite.php(43): require_once('C:\\laragon\\www\\...')
#6 {main}
ERROR - 2022-09-09 12:47:41 --> Table 'rose_ecarlate.product' doesn't exist
CRITICAL - 2022-09-09 12:47:41 --> Call to a member function getResultArray() on bool
#0 C:\laragon\www\workspace\fcommefleurs\app\Controllers\Home.php(18): App\Models\ProductModel->getProduct()
#1 C:\laragon\www\workspace\fcommefleurs\system\CodeIgniter.php(832): App\Controllers\Home->index()
#2 C:\laragon\www\workspace\fcommefleurs\system\CodeIgniter.php(419): CodeIgniter\CodeIgniter->runController(Object(App\Controllers\Home))
#3 C:\laragon\www\workspace\fcommefleurs\system\CodeIgniter.php(326): CodeIgniter\CodeIgniter->handleRequest(NULL, Object(Config\Cache), false)
#4 C:\laragon\www\workspace\fcommefleurs\public\index.php(37): CodeIgniter\CodeIgniter->run()
#5 C:\laragon\www\workspace\fcommefleurs\system\Commands\Server\rewrite.php(43): require_once('C:\\laragon\\www\\...')
#6 {main}
