CRITICAL - 2022-09-15 05:28:52 --> Invalid file: new_password.php
#0 C:\laragon\www\workspace\fcommefleurs\system\View\View.php(198): CodeIgniter\Exceptions\FrameworkException::forInvalidFile('new_password.ph...')
#1 C:\laragon\www\workspace\fcommefleurs\system\Common.php(1089): CodeIgniter\View\View->render('new_password', Array, true)
#2 C:\laragon\www\workspace\fcommefleurs\app\Controllers\Connexion.php(61): view('new_password')
#3 C:\laragon\www\workspace\fcommefleurs\system\CodeIgniter.php(832): App\Controllers\Connexion->reset_password()
#4 C:\laragon\www\workspace\fcommefleurs\system\CodeIgniter.php(419): CodeIgniter\CodeIgniter->runController(Object(App\Controllers\Connexion))
#5 C:\laragon\www\workspace\fcommefleurs\system\CodeIgniter.php(326): CodeIgniter\CodeIgniter->handleRequest(NULL, Object(Config\Cache), false)
#6 C:\laragon\www\workspace\fcommefleurs\public\index.php(37): CodeIgniter\CodeIgniter->run()
#7 C:\laragon\www\workspace\fcommefleurs\system\Commands\Server\rewrite.php(43): require_once('C:\\laragon\\www\\...')
#8 {main}
CRITICAL - 2022-09-15 05:29:31 --> Invalid file: new_password.php
#0 C:\laragon\www\workspace\fcommefleurs\system\View\View.php(198): CodeIgniter\Exceptions\FrameworkException::forInvalidFile('new_password.ph...')
#1 C:\laragon\www\workspace\fcommefleurs\system\Common.php(1089): CodeIgniter\View\View->render('new_password', Array, true)
#2 C:\laragon\www\workspace\fcommefleurs\app\Controllers\Connexion.php(61): view('new_password')
#3 C:\laragon\www\workspace\fcommefleurs\system\CodeIgniter.php(832): App\Controllers\Connexion->reset_password()
#4 C:\laragon\www\workspace\fcommefleurs\system\CodeIgniter.php(419): CodeIgniter\CodeIgniter->runController(Object(App\Controllers\Connexion))
#5 C:\laragon\www\workspace\fcommefleurs\system\CodeIgniter.php(326): CodeIgniter\CodeIgniter->handleRequest(NULL, Object(Config\Cache), false)
#6 C:\laragon\www\workspace\fcommefleurs\public\index.php(37): CodeIgniter\CodeIgniter->run()
#7 C:\laragon\www\workspace\fcommefleurs\system\Commands\Server\rewrite.php(43): require_once('C:\\laragon\\www\\...')
#8 {main}
CRITICAL - 2022-09-15 05:29:40 --> Invalid file: new_password.php
#0 C:\laragon\www\workspace\fcommefleurs\system\View\View.php(198): CodeIgniter\Exceptions\FrameworkException::forInvalidFile('new_password.ph...')
#1 C:\laragon\www\workspace\fcommefleurs\system\Common.php(1089): CodeIgniter\View\View->render('new_password', Array, true)
#2 C:\laragon\www\workspace\fcommefleurs\app\Controllers\Connexion.php(61): view('new_password')
#3 C:\laragon\www\workspace\fcommefleurs\system\CodeIgniter.php(832): App\Controllers\Connexion->reset_password()
#4 C:\laragon\www\workspace\fcommefleurs\system\CodeIgniter.php(419): CodeIgniter\CodeIgniter->runController(Object(App\Controllers\Connexion))
#5 C:\laragon\www\workspace\fcommefleurs\system\CodeIgniter.php(326): CodeIgniter\CodeIgniter->handleRequest(NULL, Object(Config\Cache), false)
#6 C:\laragon\www\workspace\fcommefleurs\public\index.php(37): CodeIgniter\CodeIgniter->run()
#7 C:\laragon\www\workspace\fcommefleurs\system\Commands\Server\rewrite.php(43): require_once('C:\\laragon\\www\\...')
#8 {main}
