ERROR - 2022-09-16 06:52:03 --> Error connecting to the database: php_network_getaddresses: getaddrinfo failed: Hôte inconnu. 
CRITICAL - 2022-09-16 06:52:03 --> Unable to connect to the database.
Main connection [MySQLi]: php_network_getaddresses: getaddrinfo failed: Hôte inconnu. 
#0 C:\laragon\www\workspace\fcommefleurs\system\Database\BaseConnection.php(577): CodeIgniter\Database\BaseConnection->initialize()
#1 C:\laragon\www\workspace\fcommefleurs\system\Database\BaseBuilder.php(1455): CodeIgniter\Database\BaseConnection->query('SELECT *\nFROM `...', Array, false)
#2 C:\laragon\www\workspace\fcommefleurs\app\Models\ProductModel.php(38): CodeIgniter\Database\BaseBuilder->get()
#3 C:\laragon\www\workspace\fcommefleurs\app\Controllers\Home.php(18): App\Models\ProductModel->getProduct()
#4 C:\laragon\www\workspace\fcommefleurs\system\CodeIgniter.php(832): App\Controllers\Home->index()
#5 C:\laragon\www\workspace\fcommefleurs\system\CodeIgniter.php(419): CodeIgniter\CodeIgniter->runController(Object(App\Controllers\Home))
#6 C:\laragon\www\workspace\fcommefleurs\system\CodeIgniter.php(326): CodeIgniter\CodeIgniter->handleRequest(NULL, Object(Config\Cache), false)
#7 C:\laragon\www\workspace\fcommefleurs\public\index.php(37): CodeIgniter\CodeIgniter->run()
#8 C:\laragon\www\workspace\fcommefleurs\system\Commands\Server\rewrite.php(43): require_once('C:\\laragon\\www\\...')
#9 {main}
ERROR - 2022-09-16 06:52:22 --> Error connecting to the database: php_network_getaddresses: getaddrinfo failed: Hôte inconnu. 
CRITICAL - 2022-09-16 06:52:22 --> Unable to connect to the database.
Main connection [MySQLi]: php_network_getaddresses: getaddrinfo failed: Hôte inconnu. 
#0 C:\laragon\www\workspace\fcommefleurs\system\Database\BaseConnection.php(577): CodeIgniter\Database\BaseConnection->initialize()
#1 C:\laragon\www\workspace\fcommefleurs\system\Database\BaseBuilder.php(1455): CodeIgniter\Database\BaseConnection->query('SELECT *\nFROM `...', Array, false)
#2 C:\laragon\www\workspace\fcommefleurs\app\Models\ProductModel.php(38): CodeIgniter\Database\BaseBuilder->get()
#3 C:\laragon\www\workspace\fcommefleurs\app\Controllers\Home.php(18): App\Models\ProductModel->getProduct()
#4 C:\laragon\www\workspace\fcommefleurs\system\CodeIgniter.php(832): App\Controllers\Home->index()
#5 C:\laragon\www\workspace\fcommefleurs\system\CodeIgniter.php(419): CodeIgniter\CodeIgniter->runController(Object(App\Controllers\Home))
#6 C:\laragon\www\workspace\fcommefleurs\system\CodeIgniter.php(326): CodeIgniter\CodeIgniter->handleRequest(NULL, Object(Config\Cache), false)
#7 C:\laragon\www\workspace\fcommefleurs\public\index.php(37): CodeIgniter\CodeIgniter->run()
#8 C:\laragon\www\workspace\fcommefleurs\system\Commands\Server\rewrite.php(43): require_once('C:\\laragon\\www\\...')
#9 {main}
