CRITICAL - 2022-09-14 03:51:11 --> Call to a member function getNom() on null
#0 C:\laragon\www\workspace\fcommefleurs\system\View\View.php(210): include()
#1 C:\laragon\www\workspace\fcommefleurs\system\View\View.php(213): CodeIgniter\View\View->CodeIgniter\View\{closure}()
#2 C:\laragon\www\workspace\fcommefleurs\system\Common.php(1089): CodeIgniter\View\View->render('contact', Array, true)
#3 C:\laragon\www\workspace\fcommefleurs\app\Controllers\Contact.php(14): view('contact', Array)
#4 C:\laragon\www\workspace\fcommefleurs\system\CodeIgniter.php(832): App\Controllers\Contact->index()
#5 C:\laragon\www\workspace\fcommefleurs\system\CodeIgniter.php(419): CodeIgniter\CodeIgniter->runController(Object(App\Controllers\Contact))
#6 C:\laragon\www\workspace\fcommefleurs\system\CodeIgniter.php(326): CodeIgniter\CodeIgniter->handleRequest(NULL, Object(Config\Cache), false)
#7 C:\laragon\www\workspace\fcommefleurs\public\index.php(37): CodeIgniter\CodeIgniter->run()
#8 C:\laragon\www\workspace\fcommefleurs\system\Commands\Server\rewrite.php(43): require_once('C:\\laragon\\www\\...')
#9 {main}
CRITICAL - 2022-09-14 04:17:35 --> Call to a member function getNom() on null
#0 C:\laragon\www\workspace\fcommefleurs\system\View\View.php(210): include()
#1 C:\laragon\www\workspace\fcommefleurs\system\View\View.php(213): CodeIgniter\View\View->CodeIgniter\View\{closure}()
#2 C:\laragon\www\workspace\fcommefleurs\system\Common.php(1089): CodeIgniter\View\View->render('contact', Array, true)
#3 C:\laragon\www\workspace\fcommefleurs\app\Controllers\Contact.php(14): view('contact', Array)
#4 C:\laragon\www\workspace\fcommefleurs\system\CodeIgniter.php(832): App\Controllers\Contact->index()
#5 C:\laragon\www\workspace\fcommefleurs\system\CodeIgniter.php(419): CodeIgniter\CodeIgniter->runController(Object(App\Controllers\Contact))
#6 C:\laragon\www\workspace\fcommefleurs\system\CodeIgniter.php(326): CodeIgniter\CodeIgniter->handleRequest(NULL, Object(Config\Cache), false)
#7 C:\laragon\www\workspace\fcommefleurs\public\index.php(37): CodeIgniter\CodeIgniter->run()
#8 C:\laragon\www\workspace\fcommefleurs\system\Commands\Server\rewrite.php(43): require_once('C:\\laragon\\www\\...')
#9 {main}
